#
# There is insufficient memory for the Java Runtime Environment to continue.
# Native memory allocation (malloc) failed to allocate 2097152 bytes. Error detail: AllocateHeap
# Possible reasons:
#   The system is out of physical RAM or swap space
#   This process is running with CompressedOops enabled, and the Java Heap may be blocking the growth of the native heap
# Possible solutions:
#   Reduce memory load on the system
#   Increase physical memory or swap space
#   Check if swap backing store is full
#   Decrease Java heap size (-Xmx/-Xms)
#   Decrease number of Java threads
#   Decrease Java thread stack sizes (-Xss)
#   Set larger code cache with -XX:ReservedCodeCacheSize=
#   JVM is running with Unscaled Compressed Oops mode in which the Java heap is
#     placed in the first 4GB address space. The Java Heap base address is the
#     maximum limit for the native heap growth. Please use -XX:HeapBaseMinAddress
#     to set the Java Heap base and to place the Java Heap above 4GB virtual address.
# This output file may be truncated or incomplete.
#
#  Out of Memory Error (allocation.cpp:44), pid=5820, tid=19100
#
# JRE version: Java(TM) SE Runtime Environment (22.0.1+8) (build 22.0.1+8-16)
# Java VM: Java HotSpot(TM) 64-Bit Server VM (22.0.1+8-16, mixed mode, sharing, tiered, compressed oops, compressed class ptrs, g1 gc, windows-amd64)
# No core dump will be written. Minidumps are not enabled by default on client versions of Windows
#

---------------  S U M M A R Y ------------

Command Line: -javaagent:C:\Program Files\JetBrains\IntelliJ IDEA Community Edition 2024.1.2\lib\idea_rt.jar=53741:C:\Program Files\JetBrains\IntelliJ IDEA Community Edition 2024.1.2\bin -Dfile.encoding=UTF-8 -Dsun.stdout.encoding=UTF-8 -Dsun.stderr.encoding=UTF-8 com.hospital.HospitalApplication

Host: AMD Ryzen 3 3250U with Radeon Graphics         , 4 cores, 3G,  Windows 11 , 64 bit Build 22621 (10.0.22621.3672)
Time: Wed Jul  3 00:38:30 2024 India Standard Time elapsed time: 1293.493044 seconds (0d 0h 21m 33s)

---------------  T H R E A D  ---------------

Current thread (0x000001b66f9ce4d0):  VMThread "VM Thread"          [id=19100, stack(0x0000009521500000,0x0000009521600000) (1024K)]

Stack: [0x0000009521500000,0x0000009521600000]
Native frames: (J=compiled Java code, j=interpreted, Vv=VM code, C=native code)
V  [jvm.dll+0x6e2279]  (no source info available)
V  [jvm.dll+0x874e33]  (no source info available)
V  [jvm.dll+0x87725e]  (no source info available)
V  [jvm.dll+0x877933]  (no source info available)
V  [jvm.dll+0x27fd76]  (no source info available)
V  [jvm.dll+0xbe877]  (no source info available)
V  [jvm.dll+0x348ea3]  (no source info available)
V  [jvm.dll+0x3437ae]  (no source info available)
V  [jvm.dll+0x32bfcc]  (no source info available)
V  [jvm.dll+0x3701e4]  (no source info available)
V  [jvm.dll+0x87d7d0]  (no source info available)
V  [jvm.dll+0x87eb57]  (no source info available)
V  [jvm.dll+0x87f0d0]  (no source info available)
V  [jvm.dll+0x87f373]  (no source info available)
V  [jvm.dll+0x81d44b]  (no source info available)
V  [jvm.dll+0x6e0915]  (no source info available)
C  [ucrtbase.dll+0x29333]  (no source info available)
C  [KERNEL32.DLL+0x1257d]  (no source info available)
C  [ntdll.dll+0x5af28]  (no source info available)

VM_Operation (0x0000009520bfef50): G1CollectFull, mode: safepoint, requested by thread 0x000001b6576e2730


---------------  P R O C E S S  ---------------

Threads class SMR info:
_java_thread_list=0x000001b6571aa170, length=15, elements={
0x000001b65013c320, 0x000001b65013d9f0, 0x000001b65013fa20, 0x000001b650140a30,
0x000001b6501438a0, 0x000001b650145310, 0x000001b6501460a0, 0x000001b650148b60,
0x000001b6501fe220, 0x000001b6505661b0, 0x000001b65050dc10, 0x000001b655557090,
0x000001b655557720, 0x000001b6576e1a10, 0x000001b6576e2730
}

Java Threads: ( => current thread )
  0x000001b65013c320 JavaThread "Reference Handler"          daemon [_thread_blocked, id=10704, stack(0x0000009521600000,0x0000009521700000) (1024K)]
  0x000001b65013d9f0 JavaThread "Finalizer"                  daemon [_thread_blocked, id=17308, stack(0x0000009521700000,0x0000009521800000) (1024K)]
  0x000001b65013fa20 JavaThread "Signal Dispatcher"          daemon [_thread_blocked, id=6608, stack(0x0000009521800000,0x0000009521900000) (1024K)]
  0x000001b650140a30 JavaThread "Attach Listener"            daemon [_thread_blocked, id=10716, stack(0x0000009521900000,0x0000009521a00000) (1024K)]
  0x000001b6501438a0 JavaThread "Service Thread"             daemon [_thread_blocked, id=12488, stack(0x0000009521a00000,0x0000009521b00000) (1024K)]
  0x000001b650145310 JavaThread "Monitor Deflation Thread"   daemon [_thread_blocked, id=14844, stack(0x0000009521b00000,0x0000009521c00000) (1024K)]
  0x000001b6501460a0 JavaThread "C2 CompilerThread0"         daemon [_thread_blocked, id=17560, stack(0x0000009521c00000,0x0000009521d00000) (1024K)]
  0x000001b650148b60 JavaThread "C1 CompilerThread0"         daemon [_thread_blocked, id=14712, stack(0x0000009521d00000,0x0000009521e00000) (1024K)]
  0x000001b6501fe220 JavaThread "Common-Cleaner"             daemon [_thread_blocked, id=11840, stack(0x0000009521e00000,0x0000009521f00000) (1024K)]
  0x000001b6505661b0 JavaThread "Monitor Ctrl-Break"         daemon [_thread_in_native, id=17668, stack(0x0000009521f00000,0x0000009522000000) (1024K)]
  0x000001b65050dc10 JavaThread "Notification Thread"        daemon [_thread_blocked, id=2016, stack(0x0000009522000000,0x0000009522100000) (1024K)]
  0x000001b655557090 JavaThread "Catalina-utility-2"                [_thread_blocked, id=3128, stack(0x0000009522700000,0x0000009522800000) (1024K)]
  0x000001b655557720 JavaThread "mysql-cj-abandoned-connection-cleanup" daemon [_thread_blocked, id=6860, stack(0x0000009522900000,0x0000009522a00000) (1024K)]
  0x000001b6576e1a10 JavaThread "DestroyJavaVM"                     [_thread_blocked, id=16676, stack(0x0000009520e00000,0x0000009520f00000) (1024K)]
  0x000001b6576e2730 JavaThread "Thread-1"                          [_thread_blocked, id=12744, stack(0x0000009520b00000,0x0000009520c00000) (1024K)]
Total: 15

Other Threads:
=>0x000001b66f9ce4d0 VMThread "VM Thread"                           [id=19100, stack(0x0000009521500000,0x0000009521600000) (1024K)]
  0x000001b66f9bb910 WatcherThread "VM Periodic Task Thread"        [id=13380, stack(0x0000009521400000,0x0000009521500000) (1024K)]
  0x000001b66f948800 WorkerThread "GC Thread#0"                     [id=11404, stack(0x0000009520f00000,0x0000009521000000) (1024K)]
  0x000001b6507def50 WorkerThread "GC Thread#1"                     [id=18504, stack(0x0000009522100000,0x0000009522200000) (1024K)]
  0x000001b650d7b7b0 WorkerThread "GC Thread#2"                     [id=12096, stack(0x0000009522200000,0x0000009522300000) (1024K)]
  0x000001b650d7bb60 WorkerThread "GC Thread#3"                     [id=8060, stack(0x0000009522300000,0x0000009522400000) (1024K)]
  0x000001b66f950470 ConcurrentGCThread "G1 Main Marker"            [id=18708, stack(0x0000009521000000,0x0000009521100000) (1024K)]
  0x000001b66f950f80 WorkerThread "G1 Conc#0"                       [id=16516, stack(0x0000009521100000,0x0000009521200000) (1024K)]
  0x000001b66f9a88d0 ConcurrentGCThread "G1 Refine#0"               [id=13660, stack(0x0000009521200000,0x0000009521300000) (1024K)]
  0x000001b66f9a9450 ConcurrentGCThread "G1 Service"                [id=17860, stack(0x0000009521300000,0x0000009521400000) (1024K)]
Total: 10

Threads with active compile tasks:
Total: 0

VM state: at safepoint (normal execution)

VM Mutex/Monitor currently owned by a thread:  ([mutex/lock_event])
[0x00007ff855a0bbb8] Threads_lock - owner thread: 0x000001b66f9ce4d0
[0x00007ff855a0bcb8] Heap_lock - owner thread: 0x000001b6576e2730

Heap address: 0x00000000c9c00000, size: 868 MB, Compressed Oops mode: 32-bit

CDS archive(s) mapped at: [0x000001b60f000000-0x000001b60fc60000-0x000001b60fc60000), size 12976128, SharedBaseAddress: 0x000001b60f000000, ArchiveRelocationMode: 1.
Compressed class space mapped at: 0x000001b610000000-0x000001b650000000, reserved size: 1073741824
Narrow klass base: 0x000001b60f000000, Narrow klass shift: 0, Narrow klass range: 0x41000000

GC Precious Log:
 CardTable entry size: 512
 Card Set container configuration: InlinePtr #cards 5 size 8 Array Of Cards #cards 12 size 40 Howl #buckets 4 coarsen threshold 1843 Howl Bitmap #cards 512 size 80 coarsen threshold 460 Card regions per heap region 1 cards per card region 2048
 CPUs: 4 total, 4 available
 Memory: 3470M
 Large Page Support: Disabled
 NUMA Support: Disabled
 Compressed Oops: Enabled (32-bit)
 Heap Region Size: 1M
 Heap Min Capacity: 8M
 Heap Initial Capacity: 56M
 Heap Max Capacity: 868M
 Pre-touch: Disabled
 Parallel Workers: 4
 Concurrent Workers: 1
 Concurrent Refinement Workers: 4
 Periodic GC: Disabled

Heap:
 garbage-first heap   total reserved 888832K, committed 54272K, used 28688K [0x00000000c9c00000, 0x0000000100000000)
  region size 1024K, 3 young (3072K), 2 survivors (2048K)
 Metaspace       used 59564K, committed 60160K, reserved 1114112K
  class space    used 7892K, committed 8128K, reserved 1048576K

Heap Regions: E=young(eden), S=young(survivor), O=old, HS=humongous(starts), HC=humongous(continues), CS=collection set, F=free, TAMS=top-at-mark-start, PB=parsable bottom
|   0|0x00000000c9c00000, 0x00000000c9d00000, 0x00000000c9d00000|100%|HS|  |TAMS 0x00000000c9c00000| PB 0x00000000c9c00000| Complete |  0
|   1|0x00000000c9d00000, 0x00000000c9e00000, 0x00000000c9e00000|100%| O|  |TAMS 0x00000000c9d00000| PB 0x00000000c9d00000| Untracked |  0
|   2|0x00000000c9e00000, 0x00000000c9f00000, 0x00000000c9f00000|100%| O|  |TAMS 0x00000000c9e00000| PB 0x00000000c9e00000| Untracked |  0
|   3|0x00000000c9f00000, 0x00000000ca000000, 0x00000000ca000000|100%| O|  |TAMS 0x00000000c9f00000| PB 0x00000000c9f00000| Untracked |  0
|   4|0x00000000ca000000, 0x00000000ca100000, 0x00000000ca100000|100%| O|  |TAMS 0x00000000ca000000| PB 0x00000000ca000000| Untracked |  0
|   5|0x00000000ca100000, 0x00000000ca200000, 0x00000000ca200000|100%| O|  |TAMS 0x00000000ca100000| PB 0x00000000ca100000| Untracked |  0
|   6|0x00000000ca200000, 0x00000000ca300000, 0x00000000ca300000|100%| O|  |TAMS 0x00000000ca200000| PB 0x00000000ca200000| Untracked |  0
|   7|0x00000000ca300000, 0x00000000ca400000, 0x00000000ca400000|100%| O|  |TAMS 0x00000000ca300000| PB 0x00000000ca300000| Untracked |  0
|   8|0x00000000ca400000, 0x00000000ca500000, 0x00000000ca500000|100%| O|  |TAMS 0x00000000ca400000| PB 0x00000000ca400000| Untracked |  0
|   9|0x00000000ca500000, 0x00000000ca600000, 0x00000000ca600000|100%| O|  |TAMS 0x00000000ca500000| PB 0x00000000ca500000| Untracked |  0
|  10|0x00000000ca600000, 0x00000000ca700000, 0x00000000ca700000|100%| O|  |TAMS 0x00000000ca600000| PB 0x00000000ca600000| Untracked |  0
|  11|0x00000000ca700000, 0x00000000ca800000, 0x00000000ca800000|100%| O|  |TAMS 0x00000000ca700000| PB 0x00000000ca700000| Untracked |  0
|  12|0x00000000ca800000, 0x00000000ca900000, 0x00000000ca900000|100%| O|  |TAMS 0x00000000ca800000| PB 0x00000000ca800000| Untracked |  0
|  13|0x00000000ca900000, 0x00000000caa00000, 0x00000000caa00000|100%| O|  |TAMS 0x00000000ca900000| PB 0x00000000ca900000| Untracked |  0
|  14|0x00000000caa00000, 0x00000000cab00000, 0x00000000cab00000|100%| O|Cm|TAMS 0x00000000caa00000| PB 0x00000000caa00000| Complete |  0
|  15|0x00000000cab00000, 0x00000000cac00000, 0x00000000cac00000|100%| O|Cm|TAMS 0x00000000cab00000| PB 0x00000000cab00000| Complete |  0
|  16|0x00000000cac00000, 0x00000000cad00000, 0x00000000cad00000|100%| O|  |TAMS 0x00000000cac00000| PB 0x00000000cac00000| Untracked |  0
|  17|0x00000000cad00000, 0x00000000cae00000, 0x00000000cae00000|100%| O|  |TAMS 0x00000000cad00000| PB 0x00000000cad00000| Untracked |  0
|  18|0x00000000cae00000, 0x00000000caed7980, 0x00000000caf00000| 84%| O|  |TAMS 0x00000000cae00000| PB 0x00000000cae00000| Untracked |  0
|  19|0x00000000caf00000, 0x00000000cb000000, 0x00000000cb000000|100%| O|  |TAMS 0x00000000caf00000| PB 0x00000000caf00000| Untracked |  0
|  20|0x00000000cb000000, 0x00000000cb100000, 0x00000000cb100000|100%| O|  |TAMS 0x00000000cb000000| PB 0x00000000cb000000| Untracked |  0
|  21|0x00000000cb100000, 0x00000000cb200000, 0x00000000cb200000|100%| O|  |TAMS 0x00000000cb100000| PB 0x00000000cb100000| Untracked |  0
|  22|0x00000000cb200000, 0x00000000cb300000, 0x00000000cb300000|100%| O|  |TAMS 0x00000000cb200000| PB 0x00000000cb200000| Untracked |  0
|  23|0x00000000cb300000, 0x00000000cb400000, 0x00000000cb400000|100%| O|  |TAMS 0x00000000cb300000| PB 0x00000000cb300000| Untracked |  0
|  24|0x00000000cb400000, 0x00000000cb500000, 0x00000000cb500000|100%| O|  |TAMS 0x00000000cb400000| PB 0x00000000cb400000| Untracked |  0
|  25|0x00000000cb500000, 0x00000000cb600000, 0x00000000cb600000|100%| O|Cm|TAMS 0x00000000cb500000| PB 0x00000000cb500000| Complete |  0
|  26|0x00000000cb600000, 0x00000000cb700000, 0x00000000cb700000|100%| O|  |TAMS 0x00000000cb600000| PB 0x00000000cb600000| Untracked |  0
|  27|0x00000000cb700000, 0x00000000cb700000, 0x00000000cb800000|  0%| F|  |TAMS 0x00000000cb700000| PB 0x00000000cb700000| Untracked |  0
|  28|0x00000000cb800000, 0x00000000cb800000, 0x00000000cb900000|  0%| F|  |TAMS 0x00000000cb800000| PB 0x00000000cb800000| Untracked |  0
|  29|0x00000000cb900000, 0x00000000cb900000, 0x00000000cba00000|  0%| F|  |TAMS 0x00000000cb900000| PB 0x00000000cb900000| Untracked |  0
|  30|0x00000000cba00000, 0x00000000cba00000, 0x00000000cbb00000|  0%| F|  |TAMS 0x00000000cba00000| PB 0x00000000cba00000| Untracked |  0
|  31|0x00000000cbb00000, 0x00000000cbb2c730, 0x00000000cbc00000| 17%| S|CS|TAMS 0x00000000cbb00000| PB 0x00000000cbb00000| Complete |  0
|  32|0x00000000cbc00000, 0x00000000cbd00000, 0x00000000cbd00000|100%| S|CS|TAMS 0x00000000cbc00000| PB 0x00000000cbc00000| Complete |  0
|  33|0x00000000cbd00000, 0x00000000cbd00000, 0x00000000cbe00000|  0%| F|  |TAMS 0x00000000cbd00000| PB 0x00000000cbd00000| Untracked |  0
|  34|0x00000000cbe00000, 0x00000000cbe00000, 0x00000000cbf00000|  0%| F|  |TAMS 0x00000000cbe00000| PB 0x00000000cbe00000| Untracked |  0
|  35|0x00000000cbf00000, 0x00000000cbf00000, 0x00000000cc000000|  0%| F|  |TAMS 0x00000000cbf00000| PB 0x00000000cbf00000| Untracked |  0
|  36|0x00000000cc000000, 0x00000000cc000000, 0x00000000cc100000|  0%| F|  |TAMS 0x00000000cc000000| PB 0x00000000cc000000| Untracked |  0
|  37|0x00000000cc100000, 0x00000000cc100000, 0x00000000cc200000|  0%| F|  |TAMS 0x00000000cc100000| PB 0x00000000cc100000| Untracked |  0
|  38|0x00000000cc200000, 0x00000000cc200000, 0x00000000cc300000|  0%| F|  |TAMS 0x00000000cc200000| PB 0x00000000cc200000| Untracked |  0
|  39|0x00000000cc300000, 0x00000000cc300000, 0x00000000cc400000|  0%| F|  |TAMS 0x00000000cc300000| PB 0x00000000cc300000| Untracked |  0
|  40|0x00000000cc400000, 0x00000000cc400000, 0x00000000cc500000|  0%| F|  |TAMS 0x00000000cc400000| PB 0x00000000cc400000| Untracked |  0
|  41|0x00000000cc500000, 0x00000000cc500000, 0x00000000cc600000|  0%| F|  |TAMS 0x00000000cc500000| PB 0x00000000cc500000| Untracked |  0
|  42|0x00000000cc600000, 0x00000000cc600000, 0x00000000cc700000|  0%| F|  |TAMS 0x00000000cc600000| PB 0x00000000cc600000| Untracked |  0
|  43|0x00000000cc700000, 0x00000000cc700000, 0x00000000cc800000|  0%| F|  |TAMS 0x00000000cc700000| PB 0x00000000cc700000| Untracked |  0
|  44|0x00000000cc800000, 0x00000000cc800000, 0x00000000cc900000|  0%| F|  |TAMS 0x00000000cc800000| PB 0x00000000cc800000| Untracked |  0
|  45|0x00000000cc900000, 0x00000000cc900000, 0x00000000cca00000|  0%| F|  |TAMS 0x00000000cc900000| PB 0x00000000cc900000| Untracked |  0
|  46|0x00000000cca00000, 0x00000000cca00000, 0x00000000ccb00000|  0%| F|  |TAMS 0x00000000cca00000| PB 0x00000000cca00000| Untracked |  0
|  47|0x00000000ccb00000, 0x00000000ccb00000, 0x00000000ccc00000|  0%| F|  |TAMS 0x00000000ccb00000| PB 0x00000000ccb00000| Untracked |  0
|  48|0x00000000ccc00000, 0x00000000ccc00000, 0x00000000ccd00000|  0%| F|  |TAMS 0x00000000ccc00000| PB 0x00000000ccc00000| Untracked |  0
|  49|0x00000000ccd00000, 0x00000000ccd00000, 0x00000000cce00000|  0%| F|  |TAMS 0x00000000ccd00000| PB 0x00000000ccd00000| Untracked |  0
|  50|0x00000000cce00000, 0x00000000cce00000, 0x00000000ccf00000|  0%| F|  |TAMS 0x00000000cce00000| PB 0x00000000cce00000| Untracked |  0
|  51|0x00000000ccf00000, 0x00000000ccf00000, 0x00000000cd000000|  0%| F|  |TAMS 0x00000000ccf00000| PB 0x00000000ccf00000| Untracked |  0
|  55|0x00000000cd300000, 0x00000000cd3a3dc0, 0x00000000cd400000| 64%| E|  |TAMS 0x00000000cd300000| PB 0x00000000cd300000| Complete |  0

Card table byte_map: [0x000001b677c50000,0x000001b677e10000] _byte_map_base: 0x000001b677602000

Marking Bits: (CMBitMap*) 0x000001b66f948f10
 Bits: [0x000001b677e10000, 0x000001b678ba0000)

Polling page: 0x000001b66da80000

Metaspace:

Usage:
  Non-class:     50.46 MB used.
      Class:      7.71 MB used.
       Both:     58.17 MB used.

Virtual space:
  Non-class space:       64.00 MB reserved,      50.81 MB ( 79%) committed,  1 nodes.
      Class space:        1.00 GB reserved,       7.94 MB ( <1%) committed,  1 nodes.
             Both:        1.06 GB reserved,      58.75 MB (  5%) committed. 

Chunk freelists:
   Non-Class:  12.45 MB
       Class:  7.97 MB
        Both:  20.42 MB

MaxMetaspaceSize: unlimited
CompressedClassSpaceSize: 1.00 GB
Initial GC threshold: 21.00 MB
Current GC threshold: 97.75 MB
CDS: on
 - commit_granule_bytes: 65536.
 - commit_granule_words: 8192.
 - virtual_space_node_default_size: 8388608.
 - enlarge_chunks_in_place: 1.
 - use_allocation_guard: 0.


Internal statistics:

num_allocs_failed_limit: 9.
num_arena_births: 564.
num_arena_deaths: 136.
num_vsnodes_births: 2.
num_vsnodes_deaths: 0.
num_space_committed: 940.
num_space_uncommitted: 0.
num_chunks_returned_to_freelist: 147.
num_chunks_taken_from_freelist: 2643.
num_chunk_merges: 38.
num_chunk_splits: 1929.
num_chunks_enlarged: 1612.
num_inconsistent_stats: 0.

CodeHeap 'non-profiled nmethods': size=120000Kb used=2888Kb max_used=3258Kb free=117111Kb
 bounds [0x000001b607ad0000, 0x000001b607e00000, 0x000001b60f000000]
CodeHeap 'profiled nmethods': size=120000Kb used=9518Kb max_used=11181Kb free=110481Kb
 bounds [0x000001b600000000, 0x000001b600af0000, 0x000001b607530000]
CodeHeap 'non-nmethods': size=5760Kb used=1635Kb max_used=1677Kb free=4124Kb
 bounds [0x000001b607530000, 0x000001b6077a0000, 0x000001b607ad0000]
 total_blobs=5844 nmethods=5164 adapters=584
 compilation: enabled
              stopped_count=0, restarted_count=0
 full_count=0

Compilation events (20 events):
Event: 1290.919 Thread 0x000001b6501460a0 6944       4       java.util.concurrent.ThreadPoolExecutor::workerCountOf (5 bytes)
Event: 1290.919 Thread 0x000001b6501460a0 nmethod 6944 0x000001b607afbb90 code [0x000001b607afbd00, 0x000001b607afbd70]
Event: 1291.592 Thread 0x000001b6501460a0 6946 %     4       java.util.Properties$LineReader::readLine @ 224 (584 bytes)
Event: 1291.629 Thread 0x000001b650148b60 6947       3       java.util.regex.CharPredicates$$Lambda/0x800000027::is (5 bytes)
Event: 1291.630 Thread 0x000001b650148b60 nmethod 6947 0x000001b600044a90 code [0x000001b600044c60, 0x000001b600045040]
Event: 1291.631 Thread 0x000001b650148b60 6948       3       java.util.regex.CharPredicates::lambda$ASCII_SPACE$20 (20 bytes)
Event: 1291.631 Thread 0x000001b650148b60 nmethod 6948 0x000001b600099f10 code [0x000001b60009a0c0, 0x000001b60009a418]
Event: 1291.632 Thread 0x000001b650148b60 6949       3       java.util.regex.ASCII::isSpace (8 bytes)
Event: 1291.632 Thread 0x000001b650148b60 nmethod 6949 0x000001b60003b310 code [0x000001b60003b4c0, 0x000001b60003b738]
Event: 1291.637 Thread 0x000001b650148b60 6950       3       java.util.Properties::getProperty (50 bytes)
Event: 1291.641 Thread 0x000001b650148b60 nmethod 6950 0x000001b6000f5090 code [0x000001b6000f5260, 0x000001b6000f5778]
Event: 1291.645 Thread 0x000001b6501460a0 nmethod 6946% 0x000001b607c62790 code [0x000001b607c62aa0, 0x000001b607c64300]
Event: 1291.678 Thread 0x000001b650148b60 6951   !   3       java.io.BufferedOutputStream::flush (60 bytes)
Event: 1291.681 Thread 0x000001b650148b60 nmethod 6951 0x000001b600601790 code [0x000001b600601a80, 0x000001b600602b98]
Event: 1291.681 Thread 0x000001b650148b60 6952       3       java.io.BufferedOutputStream::implFlush (12 bytes)
Event: 1291.681 Thread 0x000001b650148b60 nmethod 6952 0x000001b600144090 code [0x000001b600144260, 0x000001b6001445b0]
Event: 1291.701 Thread 0x000001b650148b60 6953       3       java.net.Socket::isClosed (8 bytes)
Event: 1291.701 Thread 0x000001b650148b60 nmethod 6953 0x000001b6000b8310 code [0x000001b6000b84a0, 0x000001b6000b8660]
Event: 1291.708 Thread 0x000001b650148b60 6954       3       java.util.Collections$SetFromMap::isEmpty (10 bytes)
Event: 1291.708 Thread 0x000001b650148b60 nmethod 6954 0x000001b6000bde90 code [0x000001b6000be040, 0x000001b6000be218]

GC Heap History (20 events):
Event: 12.149 GC heap after
{Heap after GC invocations=13 (full 0):
 garbage-first heap   total reserved 888832K, committed 45056K, used 21648K [0x00000000c9c00000, 0x0000000100000000)
  region size 1024K, 1 young (1024K), 1 survivors (1024K)
 Metaspace       used 44908K, committed 45312K, reserved 1114112K
  class space    used 6017K, committed 6208K, reserved 1048576K
}
Event: 13.383 GC heap before
{Heap before GC invocations=13 (full 0):
 garbage-first heap   total reserved 888832K, committed 45056K, used 39056K [0x00000000c9c00000, 0x0000000100000000)
  region size 1024K, 18 young (18432K), 1 survivors (1024K)
 Metaspace       used 48806K, committed 49152K, reserved 1114112K
  class space    used 6505K, committed 6656K, reserved 1048576K
}
Event: 13.390 GC heap after
{Heap after GC invocations=14 (full 0):
 garbage-first heap   total reserved 888832K, committed 54272K, used 22911K [0x00000000c9c00000, 0x0000000100000000)
  region size 1024K, 3 young (3072K), 3 survivors (3072K)
 Metaspace       used 48806K, committed 49152K, reserved 1114112K
  class space    used 6505K, committed 6656K, reserved 1048576K
}
Event: 13.962 GC heap before
{Heap before GC invocations=15 (full 0):
 garbage-first heap   total reserved 888832K, committed 54272K, used 45439K [0x00000000c9c00000, 0x0000000100000000)
  region size 1024K, 25 young (25600K), 3 survivors (3072K)
 Metaspace       used 49740K, committed 50112K, reserved 1114112K
  class space    used 6689K, committed 6848K, reserved 1048576K
}
Event: 13.969 GC heap after
{Heap after GC invocations=16 (full 0):
 garbage-first heap   total reserved 888832K, committed 54272K, used 23890K [0x00000000c9c00000, 0x0000000100000000)
  region size 1024K, 4 young (4096K), 4 survivors (4096K)
 Metaspace       used 49740K, committed 50112K, reserved 1114112K
  class space    used 6689K, committed 6848K, reserved 1048576K
}
Event: 14.354 GC heap before
{Heap before GC invocations=16 (full 0):
 garbage-first heap   total reserved 888832K, committed 54272K, used 44370K [0x00000000c9c00000, 0x0000000100000000)
  region size 1024K, 24 young (24576K), 4 survivors (4096K)
 Metaspace       used 50869K, committed 51264K, reserved 1114112K
  class space    used 6830K, committed 6976K, reserved 1048576K
}
Event: 14.365 GC heap after
{Heap after GC invocations=17 (full 0):
 garbage-first heap   total reserved 888832K, committed 54272K, used 24645K [0x00000000c9c00000, 0x0000000100000000)
  region size 1024K, 3 young (3072K), 3 survivors (3072K)
 Metaspace       used 50869K, committed 51264K, reserved 1114112K
  class space    used 6830K, committed 6976K, reserved 1048576K
}
Event: 15.000 GC heap before
{Heap before GC invocations=17 (full 0):
 garbage-first heap   total reserved 888832K, committed 54272K, used 46149K [0x00000000c9c00000, 0x0000000100000000)
  region size 1024K, 24 young (24576K), 3 survivors (3072K)
 Metaspace       used 52723K, committed 53120K, reserved 1114112K
  class space    used 7084K, committed 7232K, reserved 1048576K
}
Event: 15.008 GC heap after
{Heap after GC invocations=18 (full 0):
 garbage-first heap   total reserved 888832K, committed 54272K, used 26474K [0x00000000c9c00000, 0x0000000100000000)
  region size 1024K, 3 young (3072K), 3 survivors (3072K)
 Metaspace       used 52723K, committed 53120K, reserved 1114112K
  class space    used 7084K, committed 7232K, reserved 1048576K
}
Event: 216.544 GC heap before
{Heap before GC invocations=18 (full 0):
 garbage-first heap   total reserved 888832K, committed 54272K, used 46954K [0x00000000c9c00000, 0x0000000100000000)
  region size 1024K, 23 young (23552K), 3 survivors (3072K)
 Metaspace       used 53954K, committed 54400K, reserved 1114112K
  class space    used 7235K, committed 7424K, reserved 1048576K
}
Event: 217.296 GC heap after
{Heap after GC invocations=19 (full 0):
 garbage-first heap   total reserved 888832K, committed 54272K, used 27599K [0x00000000c9c00000, 0x0000000100000000)
  region size 1024K, 2 young (2048K), 2 survivors (2048K)
 Metaspace       used 53954K, committed 54400K, reserved 1114112K
  class space    used 7235K, committed 7424K, reserved 1048576K
}
Event: 490.602 GC heap before
{Heap before GC invocations=20 (full 0):
 garbage-first heap   total reserved 888832K, committed 54272K, used 46031K [0x00000000c9c00000, 0x0000000100000000)
  region size 1024K, 21 young (21504K), 2 survivors (2048K)
 Metaspace       used 55683K, committed 56128K, reserved 1114112K
  class space    used 7457K, committed 7680K, reserved 1048576K
}
Event: 490.633 GC heap after
{Heap after GC invocations=21 (full 0):
 garbage-first heap   total reserved 888832K, committed 54272K, used 27876K [0x00000000c9c00000, 0x0000000100000000)
  region size 1024K, 2 young (2048K), 2 survivors (2048K)
 Metaspace       used 55683K, committed 56128K, reserved 1114112K
  class space    used 7457K, committed 7680K, reserved 1048576K
}
Event: 661.757 GC heap before
{Heap before GC invocations=21 (full 0):
 garbage-first heap   total reserved 888832K, committed 54272K, used 47332K [0x00000000c9c00000, 0x0000000100000000)
  region size 1024K, 21 young (21504K), 2 survivors (2048K)
 Metaspace       used 58681K, committed 59136K, reserved 1114112K
  class space    used 7814K, committed 8000K, reserved 1048576K
}
Event: 661.789 GC heap after
{Heap after GC invocations=22 (full 0):
 garbage-first heap   total reserved 888832K, committed 54272K, used 28429K [0x00000000c9c00000, 0x0000000100000000)
  region size 1024K, 3 young (3072K), 3 survivors (3072K)
 Metaspace       used 58681K, committed 59136K, reserved 1114112K
  class space    used 7814K, committed 8000K, reserved 1048576K
}
Event: 910.435 GC heap before
{Heap before GC invocations=22 (full 0):
 garbage-first heap   total reserved 888832K, committed 54272K, used 45837K [0x00000000c9c00000, 0x0000000100000000)
  region size 1024K, 20 young (20480K), 3 survivors (3072K)
 Metaspace       used 59526K, committed 60032K, reserved 1114112K
  class space    used 7892K, committed 8128K, reserved 1048576K
}
Event: 910.462 GC heap after
{Heap after GC invocations=23 (full 0):
 garbage-first heap   total reserved 888832K, committed 54272K, used 29050K [0x00000000c9c00000, 0x0000000100000000)
  region size 1024K, 2 young (2048K), 2 survivors (2048K)
 Metaspace       used 59526K, committed 60032K, reserved 1114112K
  class space    used 7892K, committed 8128K, reserved 1048576K
}
Event: 1289.872 GC heap before
{Heap before GC invocations=24 (full 0):
 garbage-first heap   total reserved 888832K, committed 54272K, used 47482K [0x00000000c9c00000, 0x0000000100000000)
  region size 1024K, 20 young (20480K), 2 survivors (2048K)
 Metaspace       used 59454K, committed 60032K, reserved 1114112K
  class space    used 7869K, committed 8128K, reserved 1048576K
}
Event: 1289.960 GC heap after
{Heap after GC invocations=25 (full 0):
 garbage-first heap   total reserved 888832K, committed 54272K, used 28688K [0x00000000c9c00000, 0x0000000100000000)
  region size 1024K, 2 young (2048K), 2 survivors (2048K)
 Metaspace       used 59454K, committed 60032K, reserved 1114112K
  class space    used 7869K, committed 8128K, reserved 1048576K
}
Event: 1293.480 GC heap before
{Heap before GC invocations=25 (full 0):
 garbage-first heap   total reserved 888832K, committed 54272K, used 28688K [0x00000000c9c00000, 0x0000000100000000)
  region size 1024K, 3 young (3072K), 2 survivors (2048K)
 Metaspace       used 59564K, committed 60160K, reserved 1114112K
  class space    used 7892K, committed 8128K, reserved 1048576K
}

Dll operation events (15 events):
Event: 0.033 Loaded shared library C:\Program Files\Java\jdk-22\bin\java.dll
Event: 0.171 Loaded shared library C:\Program Files\Java\jdk-22\bin\jsvml.dll
Event: 0.363 Loaded shared library C:\Program Files\Java\jdk-22\bin\zip.dll
Event: 0.373 Loaded shared library C:\Program Files\Java\jdk-22\bin\instrument.dll
Event: 0.390 Loaded shared library C:\Program Files\Java\jdk-22\bin\net.dll
Event: 0.396 Loaded shared library C:\Program Files\Java\jdk-22\bin\nio.dll
Event: 0.402 Loaded shared library C:\Program Files\Java\jdk-22\bin\zip.dll
Event: 0.588 Loaded shared library C:\Program Files\JetBrains\IntelliJ IDEA Community Edition 2024.1.2\bin\breakgen64.dll
Event: 0.614 Loaded shared library C:\Program Files\Java\jdk-22\bin\extnet.dll
Event: 0.662 Loaded shared library C:\Program Files\Java\jdk-22\bin\verify.dll
Event: 0.675 Loaded shared library C:\Program Files\Java\jdk-22\bin\jimage.dll
Event: 1.507 Loaded shared library C:\Program Files\Java\jdk-22\bin\management.dll
Event: 1.514 Loaded shared library C:\Program Files\Java\jdk-22\bin\management_ext.dll
Event: 2.671 Loaded shared library C:\Program Files\Java\jdk-22\bin\le.dll
Event: 8.033 Loaded shared library C:\Program Files\Java\jdk-22\bin\sunmscapi.dll

Deoptimization events (20 events):
Event: 1286.803 Thread 0x000001b6576de590 Uncommon trap: trap_request=0xfffffff4 fr.pc=0x000001b607cb0718 relative=0x00000000000024f8
Event: 1286.804 Thread 0x000001b6576de590 Uncommon trap: reason=null_check action=make_not_entrant pc=0x000001b607cb0718 method=java.util.jar.JarFile.getManifestFromReference()Ljava/util/jar/Manifest; @ 14 c2
Event: 1286.805 Thread 0x000001b6576de590 DEOPT PACKING pc=0x000001b607cb0718 sp=0x0000009522dfe530
Event: 1286.807 Thread 0x000001b6576de590 DEOPT UNPACKING pc=0x000001b6075846a2 sp=0x0000009522dfe430 mode 2
Event: 1287.696 Thread 0x000001b6576de590 Uncommon trap: trap_request=0xffffffde fr.pc=0x000001b607af9d98 relative=0x00000000000007f8
Event: 1287.697 Thread 0x000001b6576de590 Uncommon trap: reason=class_check action=maybe_recompile pc=0x000001b607af9d98 method=org.springframework.util.ConcurrentReferenceHashMap$ReferenceManager.pollForPurge()Lorg/springframework/util/ConcurrentReferenceHashMap$Reference; @ 7 c2
Event: 1287.697 Thread 0x000001b6576de590 DEOPT PACKING pc=0x000001b607af9d98 sp=0x0000009522dfec40
Event: 1287.698 Thread 0x000001b6576de590 DEOPT UNPACKING pc=0x000001b6075846a2 sp=0x0000009522dfea28 mode 2
Event: 1287.706 Thread 0x000001b6576de590 Uncommon trap: trap_request=0xfffffff4 fr.pc=0x000001b607d3a6d4 relative=0x0000000000003db4
Event: 1287.706 Thread 0x000001b6576de590 Uncommon trap: reason=null_check action=make_not_entrant pc=0x000001b607d3a6d4 method=java.lang.Class.reflectionData()Ljava/lang/Class$ReflectionData; @ 18 c2
Event: 1287.707 Thread 0x000001b6576de590 DEOPT PACKING pc=0x000001b607d3a6d4 sp=0x0000009522dfeb00
Event: 1287.707 Thread 0x000001b6576de590 DEOPT UNPACKING pc=0x000001b6075846a2 sp=0x0000009522dfe600 mode 2
Event: 1288.030 Thread 0x000001b6576e2730 Uncommon trap: trap_request=0xffffffde fr.pc=0x000001b607b57230 relative=0x00000000000006b0
Event: 1288.030 Thread 0x000001b6576e2730 Uncommon trap: reason=class_check action=maybe_recompile pc=0x000001b607b57230 method=org.springframework.util.ConcurrentReferenceHashMap$ReferenceManager.pollForPurge()Lorg/springframework/util/ConcurrentReferenceHashMap$Reference; @ 7 c2
Event: 1288.030 Thread 0x000001b6576e2730 DEOPT PACKING pc=0x000001b607b57230 sp=0x0000009520bfe690
Event: 1288.030 Thread 0x000001b6576e2730 DEOPT UNPACKING pc=0x000001b6075846a2 sp=0x0000009520bfe508 mode 2
Event: 1289.491 Thread 0x000001b6576e2730 Uncommon trap: trap_request=0xfffffff4 fr.pc=0x000001b607c66bec relative=0x000000000000014c
Event: 1289.491 Thread 0x000001b6576e2730 Uncommon trap: reason=null_check action=make_not_entrant pc=0x000001b607c66bec method=java.lang.Class.reflectionData()Ljava/lang/Class$ReflectionData; @ 18 c2
Event: 1289.492 Thread 0x000001b6576e2730 DEOPT PACKING pc=0x000001b607c66bec sp=0x0000009520bfde90
Event: 1289.492 Thread 0x000001b6576e2730 DEOPT UNPACKING pc=0x000001b6075846a2 sp=0x0000009520bfde48 mode 2

Classes loaded (20 events):
Event: 1291.532 Loading class javax/crypto/BadPaddingException
Event: 1291.534 Loading class javax/crypto/BadPaddingException done
Event: 1291.537 Loading class java/security/spec/InvalidKeySpecException
Event: 1291.541 Loading class java/security/spec/InvalidKeySpecException done
Event: 1291.542 Loading class java/security/spec/KeySpec
Event: 1291.542 Loading class java/security/spec/KeySpec done
Event: 1291.548 Loading class java/security/UnrecoverableKeyException
Event: 1291.552 Loading class java/security/UnrecoverableEntryException
Event: 1291.555 Loading class java/security/UnrecoverableEntryException done
Event: 1291.555 Loading class java/security/UnrecoverableKeyException done
Event: 1291.556 Loading class java/security/KeyStoreException
Event: 1291.556 Loading class java/security/KeyStoreException done
Event: 1291.556 Loading class java/security/cert/CertificateException
Event: 1291.559 Loading class java/security/cert/CertificateException done
Event: 1291.560 Loading class java/security/KeyManagementException
Event: 1291.564 Loading class java/security/KeyManagementException done
Event: 1291.569 Loading class javax/net/ssl/TrustManager
Event: 1291.570 Loading class javax/net/ssl/TrustManager done
Event: 1291.572 Loading class javax/net/ssl/SSLSocket
Event: 1291.585 Loading class javax/net/ssl/SSLSocket done

Classes unloaded (20 events):
Event: 910.778 Thread 0x000001b66f9ce4d0 Unloading class 0x000001b6102a8000 'java/lang/invoke/LambdaForm$DMH+0x000001b6102a8000'
Event: 910.779 Thread 0x000001b66f9ce4d0 Unloading class 0x000001b610208400 'java/lang/invoke/LambdaForm$DMH+0x000001b610208400'
Event: 910.779 Thread 0x000001b66f9ce4d0 Unloading class 0x000001b6101d8000 'java/lang/invoke/LambdaForm$MH+0x000001b6101d8000'
Event: 910.780 Thread 0x000001b66f9ce4d0 Unloading class 0x000001b610140800 'java/lang/invoke/LambdaForm$DMH+0x000001b610140800'
Event: 910.780 Thread 0x000001b66f9ce4d0 Unloading class 0x000001b610130800 'java/lang/invoke/LambdaForm$DMH+0x000001b610130800'
Event: 910.781 Thread 0x000001b66f9ce4d0 Unloading class 0x000001b61011b800 'java/lang/invoke/LambdaForm$MH+0x000001b61011b800'
Event: 910.781 Thread 0x000001b66f9ce4d0 Unloading class 0x000001b61011ac00 'java/lang/invoke/LambdaForm$MH+0x000001b61011ac00'
Event: 910.781 Thread 0x000001b66f9ce4d0 Unloading class 0x000001b61011a800 'java/lang/invoke/LambdaForm$MH+0x000001b61011a800'
Event: 910.781 Thread 0x000001b66f9ce4d0 Unloading class 0x000001b61011a400 'java/lang/invoke/LambdaForm$MH+0x000001b61011a400'
Event: 910.781 Thread 0x000001b66f9ce4d0 Unloading class 0x000001b610119800 'java/lang/invoke/LambdaForm$MH+0x000001b610119800'
Event: 910.781 Thread 0x000001b66f9ce4d0 Unloading class 0x000001b610118c00 'java/lang/invoke/LambdaForm$MH+0x000001b610118c00'
Event: 910.781 Thread 0x000001b66f9ce4d0 Unloading class 0x000001b6100bcc00 'java/lang/invoke/LambdaForm$MH+0x000001b6100bcc00'
Event: 910.781 Thread 0x000001b66f9ce4d0 Unloading class 0x000001b6100bc800 'java/lang/invoke/LambdaForm$MH+0x000001b6100bc800'
Event: 910.782 Thread 0x000001b66f9ce4d0 Unloading class 0x000001b610088400 'java/lang/invoke/LambdaForm$MH+0x000001b610088400'
Event: 910.782 Thread 0x000001b66f9ce4d0 Unloading class 0x000001b610088000 'java/lang/invoke/LambdaForm$MH+0x000001b610088000'
Event: 910.783 Thread 0x000001b66f9ce4d0 Unloading class 0x000001b610010000 'java/lang/invoke/LambdaForm$MH+0x000001b610010000'
Event: 910.783 Thread 0x000001b66f9ce4d0 Unloading class 0x000001b610002400 'java/lang/invoke/LambdaForm$MH+0x000001b610002400'
Event: 910.783 Thread 0x000001b66f9ce4d0 Unloading class 0x000001b610002000 'java/lang/invoke/LambdaForm$MH+0x000001b610002000'
Event: 910.783 Thread 0x000001b66f9ce4d0 Unloading class 0x000001b610001c00 'java/lang/invoke/LambdaForm$MH+0x000001b610001c00'
Event: 910.783 Thread 0x000001b66f9ce4d0 Unloading class 0x000001b610001400 'java/lang/invoke/LambdaForm$MH+0x000001b610001400'

Classes redefined (0 events):
No events

Internal exceptions (20 events):
Event: 15.307 Thread 0x000001b650e4d9b0 Exception <a 'java/lang/NoSuchMethodError'{0x00000000cc978190}: 'java.lang.Object java.lang.invoke.DirectMethodHandle$Holder.invokeSpecial(java.lang.Object, java.lang.Object, int, java.lang.Object, int, java.lang.Object)'> (0x00000000cc978190) 
thrown [s\open\src\hotspot\share\interpreter\linkResolver.cpp, line 774]
Event: 15.307 Thread 0x000001b650e4d9b0 Exception <a 'java/lang/NoSuchMethodError'{0x00000000cc97f3c8}: 'java.lang.Object java.lang.invoke.DirectMethodHandle$Holder.newInvokeSpecial(java.lang.Object, java.lang.Object, int, java.lang.Object, int)'> (0x00000000cc97f3c8) 
thrown [s\open\src\hotspot\share\interpreter\linkResolver.cpp, line 774]
Event: 15.307 Thread 0x000001b650e4d9b0 Exception <a 'java/lang/NoSuchMethodError'{0x00000000cc983248}: 'java.lang.Object java.lang.invoke.DirectMethodHandle$Holder.invokeSpecial(java.lang.Object, java.lang.Object, java.lang.Object, int, java.lang.Object, int)'> (0x00000000cc983248) 
thrown [s\open\src\hotspot\share\interpreter\linkResolver.cpp, line 774]
Event: 489.867 Thread 0x000001b6576dd1e0 Exception <a 'java/lang/NoSuchMethodError'{0x00000000cc08d770}: 'java.lang.Object java.lang.invoke.DirectMethodHandle$Holder.invokeStatic(java.lang.Object, int, int)'> (0x00000000cc08d770) 
thrown [s\open\src\hotspot\share\interpreter\linkResolver.cpp, line 774]
Event: 491.519 Thread 0x000001b6576dd1e0 Exception <a 'java/lang/NoSuchMethodError'{0x00000000ccaafc80}: 'java.lang.Object java.lang.invoke.DirectMethodHandle$Holder.invokeStaticInit(java.lang.Object, java.lang.Object, java.lang.Object, java.lang.Object, java.lang.Object, java.lang.Object)'> (0x00000000ccaafc80) 
thrown [s\open\src\hotspot\share\interpreter\linkResolver.cpp, line 774]
Event: 491.529 Thread 0x000001b6576dd1e0 Exception <a 'java/lang/NoSuchMethodError'{0x00000000ccabed88}: 'void java.lang.invoke.Invokers$Holder.invokeExact_MT(java.lang.Object, java.lang.Object, int, java.lang.Object)'> (0x00000000ccabed88) 
thrown [s\open\src\hotspot\share\interpreter\linkResolver.cpp, line 774]
Event: 497.203 Thread 0x000001b6576df940 Exception <a 'java/lang/NoSuchMethodError'{0x00000000cc78ac98}: 'java.lang.Object java.lang.invoke.DirectMethodHandle$Holder.invokeInterface(java.lang.Object, java.lang.Object, java.lang.Object, java.lang.Object)'> (0x00000000cc78ac98) 
thrown [s\open\src\hotspot\share\interpreter\linkResolver.cpp, line 774]
Event: 497.210 Thread 0x000001b6576df940 Exception <a 'java/lang/NoSuchMethodError'{0x00000000cc79d0f0}: 'java.lang.Object java.lang.invoke.DirectMethodHandle$Holder.invokeInterface(java.lang.Object, java.lang.Object, java.lang.Object, java.lang.Object, java.lang.Object)'> (0x00000000cc79d0f0) 
thrown [s\open\src\hotspot\share\interpreter\linkResolver.cpp, line 774]
Event: 703.165 Thread 0x000001b6576dffd0 Exception <a 'java/lang/ClassNotFoundException'{0x00000000ccdab728}: java/lang/ObjectCustomizer> (0x00000000ccdab728) 
thrown [s\open\src\hotspot\share\classfile\systemDictionary.cpp, line 313]
Event: 703.173 Thread 0x000001b6576dffd0 Exception <a 'java/lang/ClassNotFoundException'{0x00000000ccdb72a8}: com/hospital/model/PrescriptionCustomizer> (0x00000000ccdb72a8) 
thrown [s\open\src\hotspot\share\classfile\systemDictionary.cpp, line 313]
Event: 703.373 Thread 0x000001b6576dffd0 Exception <a 'java/lang/ClassNotFoundException'{0x00000000ccccd140}: java/lang/ObjectCustomizer> (0x00000000ccccd140) 
thrown [s\open\src\hotspot\share\classfile\systemDictionary.cpp, line 313]
Event: 703.377 Thread 0x000001b6576dffd0 Exception <a 'java/lang/ClassNotFoundException'{0x00000000cccd84b8}: com/hospital/model/PatientHistoryCustomizer> (0x00000000cccd84b8) 
thrown [s\open\src\hotspot\share\classfile\systemDictionary.cpp, line 313]
Event: 703.409 Thread 0x000001b6576dffd0 Exception <a 'java/lang/NoSuchMethodError'{0x00000000ccb01b90}: 'int java.lang.invoke.Invokers$Holder.invokeExact_MT(java.lang.Object, java.lang.Object, java.lang.Object)'> (0x00000000ccb01b90) 
thrown [s\open\src\hotspot\share\interpreter\linkResolver.cpp, line 774]
Event: 703.504 Thread 0x000001b6576dffd0 Exception <a 'java/lang/ClassNotFoundException'{0x00000000ccb62bf8}: java/lang/ObjectCustomizer> (0x00000000ccb62bf8) 
thrown [s\open\src\hotspot\share\classfile\systemDictionary.cpp, line 313]
Event: 703.508 Thread 0x000001b6576dffd0 Exception <a 'java/lang/ClassNotFoundException'{0x00000000ccb6d9b8}: com/hospital/model/MedicineCustomizer> (0x00000000ccb6d9b8) 
thrown [s\open\src\hotspot\share\classfile\systemDictionary.cpp, line 313]
Event: 703.510 Thread 0x000001b6576dffd0 Exception <a 'java/lang/NoSuchMethodError'{0x00000000ccb79cc0}: 'long java.lang.invoke.DirectMethodHandle$Holder.invokeVirtual(java.lang.Object, java.lang.Object)'> (0x00000000ccb79cc0) 
thrown [s\open\src\hotspot\share\interpreter\linkResolver.cpp, line 774]
Event: 1286.803 Thread 0x000001b6576de590 Implicit null exception at 0x000001b607cae3f5 to 0x000001b607cb0708
Event: 1287.706 Thread 0x000001b6576de590 Implicit null exception at 0x000001b607d3700f to 0x000001b607d3a698
Event: 1289.491 Thread 0x000001b6576e2730 Implicit null exception at 0x000001b607c66af1 to 0x000001b607c66bd4
Event: 1289.597 Thread 0x000001b655556370 Exception <a 'java/lang/InterruptedException'{0x00000000cbdd6130}: sleep interrupted> (0x00000000cbdd6130) 
thrown [s\open\src\hotspot\share\prims\jvm.cpp, line 3093]

ZGC Phase Switch (0 events):
No events

VM Operations (20 events):
Event: 911.126 Executing VM operation: G1PauseCleanup done
Event: 944.324 Executing VM operation: Cleanup
Event: 944.327 Executing VM operation: Cleanup done
Event: 945.335 Executing VM operation: Cleanup
Event: 945.336 Executing VM operation: Cleanup done
Event: 981.534 Executing VM operation: Cleanup
Event: 981.535 Executing VM operation: Cleanup done
Event: 998.611 Executing VM operation: Cleanup
Event: 998.611 Executing VM operation: Cleanup done
Event: 1012.700 Executing VM operation: Cleanup
Event: 1012.700 Executing VM operation: Cleanup done
Event: 1111.593 Executing VM operation: Cleanup
Event: 1111.595 Executing VM operation: Cleanup done
Event: 1287.117 Executing VM operation: Cleanup
Event: 1287.160 Executing VM operation: Cleanup done
Event: 1288.176 Executing VM operation: Cleanup
Event: 1288.176 Executing VM operation: Cleanup done
Event: 1289.872 Executing VM operation: G1CollectForAllocation (G1 Evacuation Pause)
Event: 1289.960 Executing VM operation: G1CollectForAllocation (G1 Evacuation Pause) done
Event: 1291.798 Executing VM operation: G1CollectFull (System.gc())

Events (20 events):
Event: 911.038 Thread 0x000001b66f9ce4d0 flushing nmethod 0x000001b600965c10
Event: 1287.955 Thread 0x000001b6576e2730 Thread added: 0x000001b6576e2730
Event: 1287.965 Thread 0x000001b6576de590 Thread exited: 0x000001b6576de590
Event: 1288.498 Thread 0x000001b6576dbe30 Thread exited: 0x000001b6576dbe30
Event: 1289.557 Thread 0x000001b6576e0cf0 Thread exited: 0x000001b6576e0cf0
Event: 1289.572 Thread 0x000001b6576dd870 Thread exited: 0x000001b6576dd870
Event: 1289.582 Thread 0x000001b6576dd1e0 Thread exited: 0x000001b6576dd1e0
Event: 1289.587 Thread 0x000001b6576e20a0 Thread exited: 0x000001b6576e20a0
Event: 1289.587 Thread 0x000001b6576e0660 Thread exited: 0x000001b6576e0660
Event: 1289.587 Thread 0x000001b6576df940 Thread exited: 0x000001b6576df940
Event: 1289.587 Thread 0x000001b6576dec20 Thread exited: 0x000001b6576dec20
Event: 1289.587 Thread 0x000001b6576e1380 Thread exited: 0x000001b6576e1380
Event: 1289.587 Thread 0x000001b6576dffd0 Thread exited: 0x000001b6576dffd0
Event: 1289.588 Thread 0x000001b6576ddf00 Thread exited: 0x000001b6576ddf00
Event: 1289.591 Thread 0x000001b6576dc4c0 Thread exited: 0x000001b6576dc4c0
Event: 1289.602 Thread 0x000001b655556370 Thread exited: 0x000001b655556370
Event: 1289.677 Thread 0x000001b655556a00 Thread exited: 0x000001b655556a00
Event: 1290.918 Thread 0x000001b6576e0cf0 Thread added: 0x000001b6576e0cf0
Event: 1290.947 Thread 0x000001b655554930 Thread exited: 0x000001b655554930
Event: 1291.706 Thread 0x000001b6576e0cf0 Thread exited: 0x000001b6576e0cf0


Dynamic libraries:
0x00007ff637580000 - 0x00007ff637590000 	C:\Program Files\Java\jdk-22\bin\java.exe
0x00007ff89a770000 - 0x00007ff89a987000 	C:\WINDOWS\SYSTEM32\ntdll.dll
0x00007ff89a270000 - 0x00007ff89a334000 	C:\WINDOWS\System32\KERNEL32.DLL
0x00007ff897bc0000 - 0x00007ff897f6d000 	C:\WINDOWS\System32\KERNELBASE.dll
0x00007ff897f70000 - 0x00007ff898081000 	C:\WINDOWS\System32\ucrtbase.dll
0x00007ff88a8d0000 - 0x00007ff88a8eb000 	C:\Program Files\Java\jdk-22\bin\VCRUNTIME140.dll
0x00007ff889e30000 - 0x00007ff889e47000 	C:\Program Files\Java\jdk-22\bin\jli.dll
0x00007ff8984b0000 - 0x00007ff898562000 	C:\WINDOWS\System32\ADVAPI32.dll
0x00007ff898840000 - 0x00007ff8988e7000 	C:\WINDOWS\System32\msvcrt.dll
0x00007ff89a4f0000 - 0x00007ff89a599000 	C:\WINDOWS\System32\sechost.dll
0x00007ff898450000 - 0x00007ff898478000 	C:\WINDOWS\System32\bcrypt.dll
0x00007ff89a0f0000 - 0x00007ff89a204000 	C:\WINDOWS\System32\RPCRT4.dll
0x00007ff89a340000 - 0x00007ff89a4ee000 	C:\WINDOWS\System32\USER32.dll
0x00007ff898480000 - 0x00007ff8984a6000 	C:\WINDOWS\System32\win32u.dll
0x00007ff899380000 - 0x00007ff8993a9000 	C:\WINDOWS\System32\GDI32.dll
0x00007ff897aa0000 - 0x00007ff897bb9000 	C:\WINDOWS\System32\gdi32full.dll
0x00007ff8982f0000 - 0x00007ff89838a000 	C:\WINDOWS\System32\msvcp_win.dll
0x00007ff885c70000 - 0x00007ff885f03000 	C:\WINDOWS\WinSxS\amd64_microsoft.windows.common-controls_6595b64144ccf1df_6.0.22621.3672_none_2713b9d173822955\COMCTL32.dll
0x00007ff88e7d0000 - 0x00007ff88e7da000 	C:\WINDOWS\SYSTEM32\VERSION.dll
0x00007ff89a5a0000 - 0x00007ff89a5d1000 	C:\WINDOWS\System32\IMM32.DLL
0x00007ff8930c0000 - 0x00007ff8930cc000 	C:\Program Files\Java\jdk-22\bin\vcruntime140_1.dll
0x00007ff857f60000 - 0x00007ff857fee000 	C:\Program Files\Java\jdk-22\bin\msvcp140.dll
0x00007ff854da0000 - 0x00007ff855ae7000 	C:\Program Files\Java\jdk-22\bin\server\jvm.dll
0x00007ff8991f0000 - 0x00007ff899261000 	C:\WINDOWS\System32\WS2_32.dll
0x00007ff897960000 - 0x00007ff8979ad000 	C:\WINDOWS\SYSTEM32\POWRPROF.dll
0x00007ff8946a0000 - 0x00007ff8946d4000 	C:\WINDOWS\SYSTEM32\WINMM.dll
0x00007ff897790000 - 0x00007ff8977a3000 	C:\WINDOWS\SYSTEM32\UMPDC.dll
0x00007ff896aa0000 - 0x00007ff896ab8000 	C:\WINDOWS\SYSTEM32\kernel.appcore.dll
0x00007ff88da00000 - 0x00007ff88da0a000 	C:\Program Files\Java\jdk-22\bin\jimage.dll
0x00007ff894370000 - 0x00007ff8945a2000 	C:\WINDOWS\SYSTEM32\DBGHELP.DLL
0x00007ff899830000 - 0x00007ff899bb8000 	C:\WINDOWS\System32\combase.dll
0x00007ff898570000 - 0x00007ff898647000 	C:\WINDOWS\System32\OLEAUT32.dll
0x00007ff894110000 - 0x00007ff894142000 	C:\WINDOWS\SYSTEM32\dbgcore.DLL
0x00007ff898200000 - 0x00007ff89827b000 	C:\WINDOWS\System32\bcryptPrimitives.dll
0x00007ff8886e0000 - 0x00007ff8886ef000 	C:\Program Files\Java\jdk-22\bin\instrument.dll
0x00007ff8856b0000 - 0x00007ff8856ce000 	C:\Program Files\Java\jdk-22\bin\java.dll
0x00007ff8988f0000 - 0x00007ff89914f000 	C:\WINDOWS\System32\SHELL32.dll
0x00007ff899be0000 - 0x00007ff899d85000 	C:\WINDOWS\System32\ole32.dll
0x00007ff8959a0000 - 0x00007ff89629c000 	C:\WINDOWS\SYSTEM32\windows.storage.dll
0x00007ff895860000 - 0x00007ff89599f000 	C:\WINDOWS\SYSTEM32\wintypes.dll
0x00007ff89a5e0000 - 0x00007ff89a6d4000 	C:\WINDOWS\System32\SHCORE.dll
0x00007ff899270000 - 0x00007ff8992ce000 	C:\WINDOWS\System32\shlwapi.dll
0x00007ff8979d0000 - 0x00007ff8979f1000 	C:\WINDOWS\SYSTEM32\profapi.dll
0x00007ff857a70000 - 0x00007ff857b47000 	C:\Program Files\Java\jdk-22\bin\jsvml.dll
0x00007ff87ef60000 - 0x00007ff87ef77000 	C:\Program Files\Java\jdk-22\bin\zip.dll
0x00007ff8856a0000 - 0x00007ff8856b0000 	C:\Program Files\Java\jdk-22\bin\net.dll
0x00007ff896f40000 - 0x00007ff896fa9000 	C:\WINDOWS\system32\mswsock.dll
0x00007ff884b00000 - 0x00007ff884b16000 	C:\Program Files\Java\jdk-22\bin\nio.dll
0x00007ff87ef20000 - 0x00007ff87ef3a000 	C:\Program Files\JetBrains\IntelliJ IDEA Community Edition 2024.1.2\bin\breakgen64.dll
0x00007ff885690000 - 0x00007ff885699000 	C:\Program Files\Java\jdk-22\bin\extnet.dll
0x00007ff8841e0000 - 0x00007ff8841f0000 	C:\Program Files\Java\jdk-22\bin\verify.dll
0x00007ff8803b0000 - 0x00007ff8803ba000 	C:\Program Files\Java\jdk-22\bin\management.dll
0x00007ff8801c0000 - 0x00007ff8801cb000 	C:\Program Files\Java\jdk-22\bin\management_ext.dll
0x00007ff899bc0000 - 0x00007ff899bc8000 	C:\WINDOWS\System32\PSAPI.DLL
0x00007ff874070000 - 0x00007ff874087000 	C:\WINDOWS\system32\napinsp.dll
0x00007ff873790000 - 0x00007ff8737ab000 	C:\WINDOWS\system32\pnrpnsp.dll
0x00007ff896570000 - 0x00007ff896668000 	C:\WINDOWS\SYSTEM32\DNSAPI.dll
0x00007ff896540000 - 0x00007ff89656d000 	C:\WINDOWS\SYSTEM32\IPHLPAPI.DLL
0x00007ff899bd0000 - 0x00007ff899bd9000 	C:\WINDOWS\System32\NSI.dll
0x00007ff873770000 - 0x00007ff873781000 	C:\WINDOWS\System32\winrnr.dll
0x00007ff88fdb0000 - 0x00007ff88fdc5000 	C:\WINDOWS\system32\wshbth.dll
0x00007ff873740000 - 0x00007ff873767000 	C:\WINDOWS\system32\nlansp_c.dll
0x00007ff886bd0000 - 0x00007ff886bda000 	C:\Windows\System32\rasadhlp.dll
0x00007ff88e650000 - 0x00007ff88e6d3000 	C:\WINDOWS\System32\fwpuclnt.dll
0x00007ff87ee70000 - 0x00007ff87ee7b000 	C:\Program Files\Java\jdk-22\bin\le.dll
0x00007ff8971a0000 - 0x00007ff8971bb000 	C:\WINDOWS\SYSTEM32\CRYPTSP.dll
0x00007ff896a00000 - 0x00007ff896a35000 	C:\WINDOWS\system32\rsaenh.dll
0x00007ff897040000 - 0x00007ff897068000 	C:\WINDOWS\SYSTEM32\USERENV.dll
0x00007ff8971c0000 - 0x00007ff8971cc000 	C:\WINDOWS\SYSTEM32\CRYPTBASE.dll
0x00007ff87ee80000 - 0x00007ff87ee8e000 	C:\Program Files\Java\jdk-22\bin\sunmscapi.dll
0x00007ff898090000 - 0x00007ff8981f7000 	C:\WINDOWS\System32\CRYPT32.dll
0x00007ff897340000 - 0x00007ff89736e000 	C:\WINDOWS\SYSTEM32\ncrypt.dll
0x00007ff897300000 - 0x00007ff897337000 	C:\WINDOWS\SYSTEM32\NTASN1.dll
0x00007ff84ad90000 - 0x00007ff84ad98000 	C:\WINDOWS\system32\wshunix.dll

dbghelp: loaded successfully - version: 4.0.5 - missing functions: none
symbol engine: initialized successfully - sym options: 0x614 - pdb path: .;C:\Program Files\Java\jdk-22\bin;C:\WINDOWS\SYSTEM32;C:\WINDOWS\WinSxS\amd64_microsoft.windows.common-controls_6595b64144ccf1df_6.0.22621.3672_none_2713b9d173822955;C:\Program Files\Java\jdk-22\bin\server;C:\Program Files\JetBrains\IntelliJ IDEA Community Edition 2024.1.2\bin

VM Arguments:
jvm_args: -javaagent:C:\Program Files\JetBrains\IntelliJ IDEA Community Edition 2024.1.2\lib\idea_rt.jar=53741:C:\Program Files\JetBrains\IntelliJ IDEA Community Edition 2024.1.2\bin -Dfile.encoding=UTF-8 -Dsun.stdout.encoding=UTF-8 -Dsun.stderr.encoding=UTF-8 
java_command: com.hospital.HospitalApplication
java_class_path (initial): C:\New project\project-saksham-mahindra\hospital\target\classes;C:\Users\Dell 2\.m2\repository\org\springframework\boot\spring-boot-starter-data-jpa\2.7.2\spring-boot-starter-data-jpa-2.7.2.jar;C:\Users\Dell 2\.m2\repository\org\springframework\boot\spring-boot-starter-aop\2.7.2\spring-boot-starter-aop-2.7.2.jar;C:\Users\Dell 2\.m2\repository\org\springframework\spring-aop\5.3.22\spring-aop-5.3.22.jar;C:\Users\Dell 2\.m2\repository\org\aspectj\aspectjweaver\1.9.7\aspectjweaver-1.9.7.jar;C:\Users\Dell 2\.m2\repository\org\springframework\boot\spring-boot-starter-jdbc\2.7.2\spring-boot-starter-jdbc-2.7.2.jar;C:\Users\Dell 2\.m2\repository\com\zaxxer\HikariCP\4.0.3\HikariCP-4.0.3.jar;C:\Users\Dell 2\.m2\repository\org\springframework\spring-jdbc\5.3.22\spring-jdbc-5.3.22.jar;C:\Users\Dell 2\.m2\repository\jakarta\transaction\jakarta.transaction-api\1.3.3\jakarta.transaction-api-1.3.3.jar;C:\Users\Dell 2\.m2\repository\jakarta\persistence\jakarta.persistence-api\2.2.3\jakarta.persistence-api-2.2.3.jar;C:\Users\Dell 2\.m2\repository\org\hibernate\hibernate-core\5.6.10.Final\hibernate-core-5.6.10.Final.jar;C:\Users\Dell 2\.m2\repository\org\jboss\logging\jboss-logging\3.4.3.Final\jboss-logging-3.4.3.Final.jar;C:\Users\Dell 2\.m2\repository\net\bytebuddy\byte-buddy\1.12.12\byte-buddy-1.12.12.jar;C:\Users\Dell 2\.m2\repository\antlr\antlr\2.7.7\antlr-2.7.7.jar;C:\Users\Dell 2\.m2\repository\org\jboss\jandex\2.4.2.Final\jandex-2.4.2.Final.jar;C:\Users\Dell 2\.m2\repository\com\fasterxml\classmate\1.5.1\classmate-1.5.1.jar;C:\Users\Dell 2\.m2\repository\org\hibernate\common\hibernate-commons-annotations\5.1.2.Final\hibernate-commons-annotations-5.1.2.Final.jar;C:\Users\Dell 2\.m2\repository\org\glassfish\jaxb\jaxb-runtime\2.3.6\jaxb-runtime-2.3.6.jar;C:\Users\Dell 2\.m2\repository\org\glassfish\jaxb\txw2\2.3.6\txw2-2.3.6.jar;C:\Users\Dell 2\.m2\repository\com\sun\istack\istack-commons-runtime\3.0.12\istack-commons-runtime-3.0.12.jar;C:\Users\Dell 2\.m2\repository\com\sun\activation\jakarta.activation\1.2.2\jakarta.activation-1.2.2.jar;C:\Users\Dell 2\.m2\repository\org\springframework\data\spring-data-jpa\2.7.2\spring-data-jpa-2.7.2.jar;C:\Users\Dell 2\.m2\repository\org\springframework\data\spring-data-commons\2.7.2\spring-data-commons-2.7.2.jar;C:\Users\Dell 2\.m2\repository\org\springframework\spring-orm\5.3.22\spring-orm-5.3.22.jar;C:\Users\Dell 2\.m2\repository\org\springframework\spring-context\5.3.22\spring-context-5.3.22.jar;C:\Users\Dell 2\.m2\repository\org\springframework\spring-tx\5.3.22\spring-tx-5.3.22.jar;C:\Users\Dell 2\.m2\repository\org\springframework\spring-beans\5.3.22\spring-beans-5.3.22.jar;C:\Users\Dell 2\.m2\repository\org\slf4j\slf4j-api\1.7.36\slf4j-api-1.7.36.jar;C:\Users\Dell 2\.m2\repository\org\springframework\spring-aspects\5.3.22\spring-aspects-5.3.22.jar;C:\Users\Dell 2\.m2\repository\org\springframework\boot\spring-boot-starter-web\2.7.2\spring-boot-starter-web-2.7.2.jar;C:\Users\Dell 2\.m2\repository\org\springframework\boot\spring-boot-starter\2.7.2\spring-boot-starter-2.7.2.jar;C:\Users\Dell 2\.m2\repository\org\springframework\boot\spring-boot-starter-logging\2.7.2\spring-boot-starter-logging-2.7.2.jar;C:\Users\Dell 2\.m2\repository\ch\qos\logback\logback-classic\1.2.11\logback-classic-1.2.11.jar;C:\Users\Dell 2\.m2\repository\ch\qos\logback\logback-core\1.2.11\logback-core-1.2.11.jar;C:\Users\Dell 2\.m2\repository\org\apache\logging\log4j\log4j-to-slf4j\2.17.2\log4j-to-slf4j-2.17.2.jar;C:\Users\Dell 2\.m2\repository\org\apache\logging\log4j\log4j-api\2.17.2\log4j-api-2.17.2.jar;C:\Users\Dell 2\.m2\repository\org\slf4j\jul-to-slf4j\1.7.36\jul-to-slf4j-1.7.36.jar;C:\Users\Dell 2\.m2\repository\jakarta\annotation\jakarta.annotation-api\1.3.5\jakarta.annotation-api-1.3.5.jar;C:\Users\Dell 2\.m2\repository\org\yaml\snakeyaml\1.30\snakeyaml-1.30.jar;C:\Users\Dell 2\.m2\repository\org\springframework\boot\spring-boot-starter-json\2.7.2\spring-boot-starter-json-2.7.2.jar;C:\Users\Dell 2\.m2\repository\com\fasterxml\jackson\core\jackson-databind\2.13.3\jackson-databind-2.13.3.jar;C:\Users\Dell 2\.m2\repository\com\fasterxml\jackson\core\jackson-annotations\2.13.3\jackson-annotations-2.13.3.jar;C:\Users\Dell 2\.m2\repository\com\fasterxml\jackson\core\jackson-core\2.13.3\jackson-core-2.13.3.jar;C:\Users\Dell 2\.m2\repository\com\fasterxml\jackson\datatype\jackson-datatype-jdk8\2.13.3\jackson-datatype-jdk8-2.13.3.jar;C:\Users\Dell 2\.m2\repository\com\fasterxml\jackson\datatype\jackson-datatype-jsr310\2.13.3\jackson-datatype-jsr310-2.13.3.jar;C:\Users\Dell 2\.m2\repository\com\fasterxml\jackson\module\jackson-module-parameter-names\2.13.3\jackson-module-parameter-names-2.13.3.jar;C:\Users\Dell 2\.m2\repository\org\springframework\boot\spring-boot-starter-tomcat\2.7.2\spring-boot-starter-tomcat-2.7.2.jar;C:\Users\Dell 2\.m2\repository\org\apache\tomcat\embed\tomcat-embed-core\9.0.65\tomcat-embed-core-9.0.65.jar;C:\Users\Dell 2\.m2\repository\org\apache\tomcat\embed\tomcat-embed-el\9.0.65\tomcat-embed-el-9.0.65.jar;C:\Users\Dell 2\.m2\repository\org\apache\tomcat\embed\tomcat-embed-websocket\9.0.65\tomcat-embed-websocket-9.0.65.jar;C:\Users\Dell 2\.m2\repository\org\springframework\spring-web\5.3.22\spring-web-5.3.22.jar;C:\Users\Dell 2\.m2\repository\org\springframework\spring-webmvc\5.3.22\spring-webmvc-5.3.22.jar;C:\Users\Dell 2\.m2\repository\org\springframework\spring-expression\5.3.22\spring-expression-5.3.22.jar;C:\Users\Dell 2\.m2\repository\org\springframework\boot\spring-boot-devtools\2.7.2\spring-boot-devtools-2.7.2.jar;C:\Users\Dell 2\.m2\repository\org\springframework\boot\spring-boot\2.7.2\spring-boot-2.7.2.jar;C:\Users\Dell 2\.m2\repository\org\springframework\boot\spring-boot-autoconfigure\2.7.2\spring-boot-autoconfigure-2.7.2.jar;C:\Users\Dell 2\.m2\repository\mysql\mysql-connector-java\8.0.29\mysql-connector-java-8.0.29.jar;C:\Users\Dell 2\.m2\repository\jakarta\xml\bind\jakarta.xml.bind-api\2.3.3\jakarta.xml.bind-api-2.3.3.jar;C:\Users\Dell 2\.m2\repository\jakarta\activation\jakarta.activation-api\1.2.2\jakarta.activation-api-1.2.2.jar;C:\Users\Dell 2\.m2\repository\org\springframework\spring-core\5.3.22\spring-core-5.3.22.jar;C:\Users\Dell 2\.m2\repository\org\springframework\spring-jcl\5.3.22\spring-jcl-5.3.22.jar
Launcher Type: SUN_STANDARD

[Global flags]
     intx CICompilerCount                          = 3                                         {product} {ergonomic}
     uint ConcGCThreads                            = 1                                         {product} {ergonomic}
     uint G1ConcRefinementThreads                  = 4                                         {product} {ergonomic}
   size_t G1HeapRegionSize                         = 1048576                                   {product} {ergonomic}
   size_t InitialHeapSize                          = 58720256                                  {product} {ergonomic}
   size_t MarkStackSize                            = 4194304                                   {product} {ergonomic}
   size_t MaxHeapSize                              = 910163968                                 {product} {ergonomic}
   size_t MaxNewSize                               = 545259520                                 {product} {ergonomic}
   size_t MinHeapDeltaBytes                        = 1048576                                   {product} {ergonomic}
   size_t MinHeapSize                              = 8388608                                   {product} {ergonomic}
    uintx NonNMethodCodeHeapSize                   = 5832780                                {pd product} {ergonomic}
    uintx NonProfiledCodeHeapSize                  = 122912730                              {pd product} {ergonomic}
    uintx ProfiledCodeHeapSize                     = 122912730                              {pd product} {ergonomic}
    uintx ReservedCodeCacheSize                    = 251658240                              {pd product} {ergonomic}
     bool SegmentedCodeCache                       = true                                      {product} {ergonomic}
   size_t SoftMaxHeapSize                          = 910163968                              {manageable} {ergonomic}
     bool UseCompressedOops                        = true                           {product lp64_product} {ergonomic}
     bool UseG1GC                                  = true                                      {product} {ergonomic}
     bool UseLargePagesIndividualAllocation        = false                                  {pd product} {ergonomic}

Logging:
Log output configuration:
 #0: stdout all=warning uptime,level,tags foldmultilines=false
 #1: stderr all=off uptime,level,tags foldmultilines=false

Environment Variables:
PATH=C:\Program Files\Common Files\Oracle\Java\javapath;C:\Program Files (x86)\Common Files\Intel\Shared Libraries\redist\intel64\compiler;C:\WINDOWS\system32;C:\WINDOWS;C:\WINDOWS\System32\Wbem;C:\WINDOWS\System32\WindowsPowerShell\v1.0\;C:\WINDOWS\System32\OpenSSH\;C:\Program Files\dotnet\;C:\Program Files\Git\cmd;C:\MinGW\bin;C:\MinGW\bin\g++.exe;C:\Program Files\MySQL\MySQL Server 8.0\bin;C:\Program Files\nodejs\;C:\Program Files\MySQL\MySQL Shell 8.0\bin\;C:\Users\Dell 2\AppData\Local\Microsoft\WindowsApps;C:\MinGW\bin;C:\Users\Dell 2\AppData\Local\Programs\Microsoft VS Code\bin;C:\Program Files\Java\jdk-22\bin;C:\Program Files\JetBrains\IntelliJ IDEA Community Edition 2024.1.2\bin;;C:\Program Files\MySQL\MySQL Server 8.0\bin;C:\Users\Dell 2\AppData\Roaming\npm
USERNAME=Dell 2
OS=Windows_NT
PROCESSOR_IDENTIFIER=AMD64 Family 23 Model 24 Stepping 1, AuthenticAMD
TMP=C:\Temp
TEMP=C:\Temp




Periodic native trim disabled

---------------  S Y S T E M  ---------------

OS:
 Windows 11 , 64 bit Build 22621 (10.0.22621.3672)
OS uptime: 0 days 10:07 hours
Hyper-V role detected

CPU: total 4 (initial active 4) (4 cores per cpu, 2 threads per core) family 23 model 24 stepping 1 microcode 0x0, cx8, cmov, fxsr, ht, mmx, 3dnowpref, sse, sse2, sse3, ssse3, sse4a, sse4.1, sse4.2, popcnt, lzcnt, tsc, tscinvbit, avx, avx2, aes, clmul, bmi1, bmi2, adx, sha, fma, vzeroupper, clflush, clflushopt, hv, rdtscp, f16c
Processor Information for all 4 processors :
  Max Mhz: 2600, Current Mhz: 2600, Mhz Limit: 2600

Memory: 4k page, system-wide physical 3470M (11M free)
TotalPageFile size 14222M (AvailPageFile size 11M)
current process WorkingSet (physical memory assigned to process): 80M, peak: 219M
current process commit charge ("private bytes"): 239M, peak: 252M

vm_info: Java HotSpot(TM) 64-Bit Server VM (22.0.1+8-16) for windows-amd64 JRE (22.0.1+8-16), built on 2024-03-12T10:33:16Z by "mach5one" with MS VC++ 17.6 (VS2022)

END.
