#
# There is insufficient memory for the Java Runtime Environment to continue.
# Native memory allocation (malloc) failed to allocate 788144 bytes. Error detail: Chunk::new
# Possible reasons:
#   The system is out of physical RAM or swap space
#   This process is running with CompressedOops enabled, and the Java Heap may be blocking the growth of the native heap
# Possible solutions:
#   Reduce memory load on the system
#   Increase physical memory or swap space
#   Check if swap backing store is full
#   Decrease Java heap size (-Xmx/-Xms)
#   Decrease number of Java threads
#   Decrease Java thread stack sizes (-Xss)
#   Set larger code cache with -XX:ReservedCodeCacheSize=
#   JVM is running with Unscaled Compressed Oops mode in which the Java heap is
#     placed in the first 4GB address space. The Java Heap base address is the
#     maximum limit for the native heap growth. Please use -XX:HeapBaseMinAddress
#     to set the Java Heap base and to place the Java Heap above 4GB virtual address.
# This output file may be truncated or incomplete.
#
#  Out of Memory Error (arena.cpp:191), pid=5740, tid=13604
#
# JRE version: OpenJDK Runtime Environment Temurin-17.0.11+9 (17.0.11+9) (build 17.0.11+9)
# Java VM: OpenJDK 64-Bit Server VM Temurin-17.0.11+9 (17.0.11+9, mixed mode, tiered, compressed oops, compressed class ptrs, parallel gc, windows-amd64)
# No core dump will be written. Minidumps are not enabled by default on client versions of Windows
#

---------------  S U M M A R Y ------------

Command Line: --add-modules=ALL-SYSTEM --add-opens=java.base/java.util=ALL-UNNAMED --add-opens=java.base/java.lang=ALL-UNNAMED --add-opens=java.base/sun.nio.fs=ALL-UNNAMED -Declipse.application=org.eclipse.jdt.ls.core.id1 -Dosgi.bundles.defaultStartLevel=4 -Declipse.product=org.eclipse.jdt.ls.core.product -Djava.import.generatesMetadataFilesAtProjectRoot=false -DDetectVMInstallationsJob.disabled=true -Dfile.encoding=utf8 -XX:+UseParallelGC -XX:GCTimeRatio=4 -XX:AdaptiveSizePolicyWeight=90 -Dsun.zip.disableMemoryMapping=true -Xmx1G -Xms100m -Xlog:disable -javaagent:c:\Users\Dell 2\.vscode\extensions\redhat.java-1.32.0-win32-x64\lombok\lombok-1.18.33.jar -XX:+HeapDumpOnOutOfMemoryError -XX:HeapDumpPath=c:\Users\Dell 2\AppData\Roaming\Code\User\workspaceStorage\960108ea585760fec916501c0cdddc14\redhat.java -Daether.dependencyCollector.impl=bf c:\Users\Dell 2\.vscode\extensions\redhat.java-1.32.0-win32-x64\server\plugins\org.eclipse.equinox.launcher_1.6.900.v20240613-2009.jar -configuration c:\Users\Dell 2\AppData\Roaming\Code\User\globalStorage\redhat.java\1.32.0\config_win -data c:\Users\Dell 2\AppData\Roaming\Code\User\workspaceStorage\960108ea585760fec916501c0cdddc14\redhat.java\jdt_ws --pipe=\\.\pipe\lsp-f4c03687c79d9dfe16f9b2255d6ca222-sock

Host: AMD Ryzen 3 3250U with Radeon Graphics         , 4 cores, 3G,  Windows 11 , 64 bit Build 22621 (10.0.22621.3672)
Time: Wed Jul  3 00:44:27 2024 India Standard Time elapsed time: 57.897817 seconds (0d 0h 0m 57s)

---------------  T H R E A D  ---------------

Current thread (0x0000026966c02e50):  JavaThread "C2 CompilerThread0" daemon [_thread_in_native, id=13604, stack(0x000000c5d0700000,0x000000c5d0800000)]


Current CompileTask:
C2:  57897 7913       4       org.codehaus.plexus.util.xml.pull.MXParser::parseAttribute (1429 bytes)

Stack: [0x000000c5d0700000,0x000000c5d0800000]
Native frames: (J=compiled Java code, j=interpreted, Vv=VM code, C=native code)
V  [jvm.dll+0x67d429]
V  [jvm.dll+0x834b7a]
V  [jvm.dll+0x83663e]
V  [jvm.dll+0x836ca3]
V  [jvm.dll+0x247dbf]
V  [jvm.dll+0xac534]
V  [jvm.dll+0xacb7c]
V  [jvm.dll+0x366647]
V  [jvm.dll+0x330bba]
V  [jvm.dll+0x33005a]
V  [jvm.dll+0x21a471]
V  [jvm.dll+0x2198b1]
V  [jvm.dll+0x1a534d]
V  [jvm.dll+0x2295cd]
V  [jvm.dll+0x22779c]
V  [jvm.dll+0x7e9d07]
V  [jvm.dll+0x7e410a]
V  [jvm.dll+0x67c315]
C  [ucrtbase.dll+0x29333]
C  [KERNEL32.DLL+0x1257d]
C  [ntdll.dll+0x5af28]


---------------  P R O C E S S  ---------------

Threads class SMR info:
_java_thread_list=0x000002696d735890, length=37, elements={
0x0000026952d911d0, 0x0000026966bd0020, 0x0000026966bd3320, 0x0000026966bfe320,
0x0000026966bfebf0, 0x0000026966bff6c0, 0x0000026966c00190, 0x0000026966c02e50,
0x0000026966c1c530, 0x000002696be0e850, 0x000002696beb0230, 0x000002696c038e60,
0x000002696c87c1f0, 0x000002696c94fda0, 0x000002696c23aaa0, 0x000002696c123f10,
0x000002696c93eda0, 0x000002696c93cf40, 0x000002696c93f2b0, 0x000002696c93d960,
0x000002696c93f7c0, 0x000002696c9401e0, 0x000002696c93e380, 0x000002696c93de70,
0x000002696c6b67b0, 0x000002696c6b5d90, 0x000002696c6b8610, 0x000002696c6b62a0,
0x000002696c6b6cc0, 0x000002696c6b71d0, 0x000002696c6b76e0, 0x000002696c6b5880,
0x000002696c6b7bf0, 0x000002696c6b8100, 0x000002696c6b8b20, 0x000002696c6b9030,
0x000002696c6b5370
}

Java Threads: ( => current thread )
  0x0000026952d911d0 JavaThread "main" [_thread_blocked, id=16340, stack(0x000000c5cfe00000,0x000000c5cff00000)]
  0x0000026966bd0020 JavaThread "Reference Handler" daemon [_thread_blocked, id=13064, stack(0x000000c5d0100000,0x000000c5d0200000)]
  0x0000026966bd3320 JavaThread "Finalizer" daemon [_thread_blocked, id=15328, stack(0x000000c5d0200000,0x000000c5d0300000)]
  0x0000026966bfe320 JavaThread "Signal Dispatcher" daemon [_thread_blocked, id=17140, stack(0x000000c5d0300000,0x000000c5d0400000)]
  0x0000026966bfebf0 JavaThread "Attach Listener" daemon [_thread_blocked, id=7500, stack(0x000000c5d0400000,0x000000c5d0500000)]
  0x0000026966bff6c0 JavaThread "Service Thread" daemon [_thread_blocked, id=14292, stack(0x000000c5d0500000,0x000000c5d0600000)]
  0x0000026966c00190 JavaThread "Monitor Deflation Thread" daemon [_thread_blocked, id=17648, stack(0x000000c5d0600000,0x000000c5d0700000)]
=>0x0000026966c02e50 JavaThread "C2 CompilerThread0" daemon [_thread_in_native, id=13604, stack(0x000000c5d0700000,0x000000c5d0800000)]
  0x0000026966c1c530 JavaThread "C1 CompilerThread0" daemon [_thread_blocked, id=2264, stack(0x000000c5d0800000,0x000000c5d0900000)]
  0x000002696be0e850 JavaThread "Sweeper thread" daemon [_thread_blocked, id=16844, stack(0x000000c5d0900000,0x000000c5d0a00000)]
  0x000002696beb0230 JavaThread "Common-Cleaner" daemon [_thread_blocked, id=9396, stack(0x000000c5d0a00000,0x000000c5d0b00000)]
  0x000002696c038e60 JavaThread "Notification Thread" daemon [_thread_blocked, id=14548, stack(0x000000c5d0b00000,0x000000c5d0c00000)]
  0x000002696c87c1f0 JavaThread "Active Thread: Equinox Container: dc3db8c7-b85f-4539-b811-592ad5b3f235" [_thread_blocked, id=4896, stack(0x000000c5d1000000,0x000000c5d1100000)]
  0x000002696c94fda0 JavaThread "Framework Event Dispatcher: Equinox Container: dc3db8c7-b85f-4539-b811-592ad5b3f235" daemon [_thread_blocked, id=9920, stack(0x000000c5d1100000,0x000000c5d1200000)]
  0x000002696c23aaa0 JavaThread "Start Level: Equinox Container: dc3db8c7-b85f-4539-b811-592ad5b3f235" daemon [_thread_blocked, id=14840, stack(0x000000c5d1200000,0x000000c5d1300000)]
  0x000002696c123f10 JavaThread "Bundle File Closer" daemon [_thread_blocked, id=14520, stack(0x000000c5d1300000,0x000000c5d1400000)]
  0x000002696c93eda0 JavaThread "SCR Component Actor" daemon [_thread_blocked, id=13168, stack(0x000000c5d1400000,0x000000c5d1500000)]
  0x000002696c93cf40 JavaThread "Worker-JM" [_thread_blocked, id=13744, stack(0x000000c5d1600000,0x000000c5d1700000)]
  0x000002696c93f2b0 JavaThread "Worker-0" [_thread_blocked, id=16824, stack(0x000000c5d1700000,0x000000c5d1800000)]
  0x000002696c93d960 JavaThread "Worker-1" [_thread_blocked, id=18476, stack(0x000000c5d1800000,0x000000c5d1900000)]
  0x000002696c93f7c0 JavaThread "Java indexing" daemon [_thread_blocked, id=8756, stack(0x000000c5d1900000,0x000000c5d1a00000)]
  0x000002696c9401e0 JavaThread "Worker-2: Initialize Workspace" [_thread_blocked, id=18132, stack(0x000000c5d1a00000,0x000000c5d1b00000)]
  0x000002696c93e380 JavaThread "JNA Cleaner" daemon [_thread_blocked, id=5108, stack(0x000000c5d1500000,0x000000c5d1600000)]
  0x000002696c93de70 JavaThread "Thread-2" daemon [_thread_in_native, id=16800, stack(0x000000c5d1b00000,0x000000c5d1c00000)]
  0x000002696c6b67b0 JavaThread "Thread-3" daemon [_thread_in_native, id=12880, stack(0x000000c5d1c00000,0x000000c5d1d00000)]
  0x000002696c6b5d90 JavaThread "Thread-4" daemon [_thread_in_native, id=6084, stack(0x000000c5d1d00000,0x000000c5d1e00000)]
  0x000002696c6b8610 JavaThread "Thread-5" daemon [_thread_in_native, id=7632, stack(0x000000c5d1e00000,0x000000c5d1f00000)]
  0x000002696c6b62a0 JavaThread "Thread-6" daemon [_thread_in_native, id=14452, stack(0x000000c5d1f00000,0x000000c5d2000000)]
  0x000002696c6b6cc0 JavaThread "pool-2-thread-1" [_thread_blocked, id=10696, stack(0x000000c5d2000000,0x000000c5d2100000)]
  0x000002696c6b71d0 JavaThread "WorkspaceEventsHandler" [_thread_blocked, id=14272, stack(0x000000c5d2100000,0x000000c5d2200000)]
  0x000002696c6b76e0 JavaThread "pool-1-thread-1" [_thread_blocked, id=17880, stack(0x000000c5d2200000,0x000000c5d2300000)]
  0x000002696c6b5880 JavaThread "Worker-3" [_thread_blocked, id=5352, stack(0x000000c5d2300000,0x000000c5d2400000)]
  0x000002696c6b7bf0 JavaThread "ParallelDescriptorResolver-0-0" daemon [_thread_blocked, id=11376, stack(0x000000c5d2600000,0x000000c5d2700000)]
  0x000002696c6b8100 JavaThread "ParallelDescriptorResolver-0-1" daemon [_thread_in_native, id=13496, stack(0x000000c5d2700000,0x000000c5d2800000)]
  0x000002696c6b8b20 JavaThread "ParallelDescriptorResolver-0-2" daemon [_thread_in_Java, id=4008, stack(0x000000c5d2800000,0x000000c5d2900000)]
  0x000002696c6b9030 JavaThread "ParallelDescriptorResolver-0-3" daemon [_thread_blocked, id=12600, stack(0x000000c5d2900000,0x000000c5d2a00000)]
  0x000002696c6b5370 JavaThread "ParallelDescriptorResolver-0-4" daemon [_thread_in_native, id=17076, stack(0x000000c5d2a00000,0x000000c5d2b00000)]

Other Threads:
  0x0000026952e3ea30 VMThread "VM Thread" [stack: 0x000000c5d0000000,0x000000c5d0100000] [id=5156]
  0x000002696c069170 WatcherThread [stack: 0x000000c5d0c00000,0x000000c5d0d00000] [id=12124]
  0x0000026952da65d0 GCTaskThread "GC Thread#0" [stack: 0x000000c5cff00000,0x000000c5d0000000] [id=13896]
  0x000002696c47e350 GCTaskThread "GC Thread#1" [stack: 0x000000c5d0d00000,0x000000c5d0e00000] [id=15724]
  0x000002696c47ea20 GCTaskThread "GC Thread#2" [stack: 0x000000c5d0e00000,0x000000c5d0f00000] [id=9924]
  0x000002696c488e70 GCTaskThread "GC Thread#3" [stack: 0x000000c5d0f00000,0x000000c5d1000000] [id=12012]

Threads with active compile tasks:
C2 CompilerThread0    57962 7913       4       org.codehaus.plexus.util.xml.pull.MXParser::parseAttribute (1429 bytes)

VM state: not at safepoint (normal execution)

VM Mutex/Monitor currently owned by a thread: None

Heap address: 0x00000000c0000000, size: 1024 MB, Compressed Oops mode: 32-bit

CDS archive(s) not mapped
Compressed class space mapped at: 0x0000000100000000-0x0000000140000000, reserved size: 1073741824
Narrow klass base: 0x0000000000000000, Narrow klass shift: 3, Narrow klass range: 0x140000000

GC Precious Log:
 CPUs: 4 total, 4 available
 Memory: 3470M
 Large Page Support: Disabled
 NUMA Support: Disabled
 Compressed Oops: Enabled (32-bit)
 Alignments: Space 512K, Generation 512K, Heap 2M
 Heap Min Capacity: 100M
 Heap Initial Capacity: 100M
 Heap Max Capacity: 1G
 Pre-touch: Disabled
 Parallel Workers: 4

Heap:
 PSYoungGen      total 24576K, used 21408K [0x00000000eab00000, 0x00000000ec780000, 0x0000000100000000)
  eden space 22016K, 87% used [0x00000000eab00000,0x00000000ebdd8280,0x00000000ec080000)
  from space 2560K, 82% used [0x00000000ec500000,0x00000000ec710000,0x00000000ec780000)
  to   space 3072K, 0% used [0x00000000ec180000,0x00000000ec180000,0x00000000ec480000)
 ParOldGen       total 68608K, used 29503K [0x00000000c0000000, 0x00000000c4300000, 0x00000000eab00000)
  object space 68608K, 43% used [0x00000000c0000000,0x00000000c1ccfdf0,0x00000000c4300000)
 Metaspace       used 55434K, committed 56640K, reserved 1114112K
  class space    used 5961K, committed 6464K, reserved 1048576K

Card table byte_map: [0x0000026952750000,0x0000026952960000] _byte_map_base: 0x0000026952150000

Marking Bits: (ParMarkBitMap*) 0x00007ff8165ad820
 Begin Bits: [0x0000026964a20000, 0x0000026965a20000)
 End Bits:   [0x0000026965a20000, 0x0000026966a20000)

Polling page: 0x0000026952540000

Metaspace:

Usage:
  Non-class:     48.31 MB used.
      Class:      5.82 MB used.
       Both:     54.14 MB used.

Virtual space:
  Non-class space:       64.00 MB reserved,      49.00 MB ( 77%) committed,  1 nodes.
      Class space:        1.00 GB reserved,       6.31 MB ( <1%) committed,  1 nodes.
             Both:        1.06 GB reserved,      55.31 MB (  5%) committed. 

Chunk freelists:
   Non-Class:  14.30 MB
       Class:  9.73 MB
        Both:  24.03 MB

MaxMetaspaceSize: unlimited
CompressedClassSpaceSize: 1.00 GB
Initial GC threshold: 21.00 MB
Current GC threshold: 58.38 MB
CDS: off
MetaspaceReclaimPolicy: balanced
 - commit_granule_bytes: 65536.
 - commit_granule_words: 8192.
 - virtual_space_node_default_size: 8388608.
 - enlarge_chunks_in_place: 1.
 - new_chunks_are_fully_committed: 0.
 - uncommit_free_chunks: 1.
 - use_allocation_guard: 0.
 - handle_deallocations: 1.


Internal statistics:

num_allocs_failed_limit: 6.
num_arena_births: 772.
num_arena_deaths: 14.
num_vsnodes_births: 2.
num_vsnodes_deaths: 0.
num_space_committed: 885.
num_space_uncommitted: 0.
num_chunks_returned_to_freelist: 20.
num_chunks_taken_from_freelist: 3050.
num_chunk_merges: 11.
num_chunk_splits: 1831.
num_chunks_enlarged: 978.
num_inconsistent_stats: 0.

CodeHeap 'non-profiled nmethods': size=120000Kb used=3902Kb max_used=3902Kb free=116098Kb
 bounds [0x000002695d4f0000, 0x000002695d8c0000, 0x0000026964a20000]
CodeHeap 'profiled nmethods': size=120000Kb used=15105Kb max_used=15105Kb free=104895Kb
 bounds [0x0000026955a20000, 0x00000269568f0000, 0x000002695cf50000]
CodeHeap 'non-nmethods': size=5760Kb used=1303Kb max_used=1358Kb free=4456Kb
 bounds [0x000002695cf50000, 0x000002695d1c0000, 0x000002695d4f0000]
 total_blobs=7741 nmethods=7106 adapters=548
 compilation: enabled
              stopped_count=0, restarted_count=0
 full_count=0

Compilation events (20 events):
Event: 57.867 Thread 0x0000026966c1c530 7931       1       org.eclipse.aether.repository.RemoteRepository::getHost (5 bytes)
Event: 57.867 Thread 0x0000026966c1c530 nmethod 7931 0x000002695d8bb310 code [0x000002695d8bb4a0, 0x000002695d8bb578]
Event: 57.867 Thread 0x0000026966c1c530 7932       1       org.eclipse.aether.repository.RemoteRepository::getProtocol (5 bytes)
Event: 57.867 Thread 0x0000026966c1c530 nmethod 7932 0x000002695d8bb610 code [0x000002695d8bb7a0, 0x000002695d8bb878]
Event: 57.867 Thread 0x0000026966c1c530 7933       3       org.apache.maven.model.merge.ModelMerger$MergingList::iterator (32 bytes)
Event: 57.867 Thread 0x0000026966c1c530 nmethod 7933 0x00000269568d7590 code [0x00000269568d7760, 0x00000269568d7b08]
Event: 57.873 Thread 0x0000026966c1c530 7934       3       java.util.HashMap::forEach (112 bytes)
Event: 57.873 Thread 0x0000026966c1c530 nmethod 7934 0x00000269568d7c10 code [0x00000269568d7e00, 0x00000269568d8408]
Event: 57.879 Thread 0x0000026966c1c530 7935       3       org.apache.maven.model.ModelBase::<init> (5 bytes)
Event: 57.880 Thread 0x0000026966c1c530 nmethod 7935 0x00000269568d8690 code [0x00000269568d8820, 0x00000269568d8978]
Event: 57.880 Thread 0x0000026966c1c530 7936       3       org.apache.maven.model.validation.DefaultModelValidator::validateStringNotEmpty (17 bytes)
Event: 57.880 Thread 0x0000026966c1c530 nmethod 7936 0x00000269568d8a10 code [0x00000269568d8bc0, 0x00000269568d8d48]
Event: 57.880 Thread 0x0000026966c1c530 7937       3       org.codehaus.plexus.util.StringUtils::clean (14 bytes)
Event: 57.881 Thread 0x0000026966c1c530 nmethod 7937 0x00000269568d8e10 code [0x00000269568d8fe0, 0x00000269568d9378]
Event: 57.881 Thread 0x0000026966c1c530 7938       3       org.apache.maven.model.building.ModelData::getVersion (17 bytes)
Event: 57.881 Thread 0x0000026966c1c530 nmethod 7938 0x00000269568d9490 code [0x00000269568d9620, 0x00000269568d97b8]
Event: 57.885 Thread 0x0000026966c1c530 7939       1       org.apache.maven.model.building.DefaultModelBuildingRequest::getWorkspaceModelResolver (5 bytes)
Event: 57.885 Thread 0x0000026966c1c530 nmethod 7939 0x000002695d8bb910 code [0x000002695d8bbaa0, 0x000002695d8bbb78]
Event: 57.886 Thread 0x0000026966c1c530 7940       1       org.apache.maven.model.Model::setScm (6 bytes)
Event: 57.887 Thread 0x0000026966c1c530 nmethod 7940 0x000002695d8bbc10 code [0x000002695d8bbda0, 0x000002695d8bbe78]

GC Heap History (20 events):
Event: 27.598 GC heap before
{Heap before GC invocations=17 (full 2):
 PSYoungGen      total 22528K, used 22499K [0x00000000eab00000, 0x00000000ec580000, 0x0000000100000000)
  eden space 22016K, 100% used [0x00000000eab00000,0x00000000ec080000,0x00000000ec080000)
  from space 512K, 94% used [0x00000000ec500000,0x00000000ec578ec8,0x00000000ec580000)
  to   space 2048K, 0% used [0x00000000ec180000,0x00000000ec180000,0x00000000ec380000)
 ParOldGen       total 68608K, used 17766K [0x00000000c0000000, 0x00000000c4300000, 0x00000000eab00000)
  object space 68608K, 25% used [0x00000000c0000000,0x00000000c1159978,0x00000000c4300000)
 Metaspace       used 44878K, committed 45888K, reserved 1114112K
  class space    used 4694K, committed 5120K, reserved 1048576K
}
Event: 27.604 GC heap after
{Heap after GC invocations=17 (full 2):
 PSYoungGen      total 24064K, used 1221K [0x00000000eab00000, 0x00000000ec580000, 0x0000000100000000)
  eden space 22016K, 0% used [0x00000000eab00000,0x00000000eab00000,0x00000000ec080000)
  from space 2048K, 59% used [0x00000000ec180000,0x00000000ec2b16b0,0x00000000ec380000)
  to   space 1536K, 0% used [0x00000000ec400000,0x00000000ec400000,0x00000000ec580000)
 ParOldGen       total 68608K, used 18263K [0x00000000c0000000, 0x00000000c4300000, 0x00000000eab00000)
  object space 68608K, 26% used [0x00000000c0000000,0x00000000c11d5e40,0x00000000c4300000)
 Metaspace       used 44878K, committed 45888K, reserved 1114112K
  class space    used 4694K, committed 5120K, reserved 1048576K
}
Event: 28.784 GC heap before
{Heap before GC invocations=18 (full 2):
 PSYoungGen      total 24064K, used 23237K [0x00000000eab00000, 0x00000000ec580000, 0x0000000100000000)
  eden space 22016K, 100% used [0x00000000eab00000,0x00000000ec080000,0x00000000ec080000)
  from space 2048K, 59% used [0x00000000ec180000,0x00000000ec2b16b0,0x00000000ec380000)
  to   space 1536K, 0% used [0x00000000ec400000,0x00000000ec400000,0x00000000ec580000)
 ParOldGen       total 68608K, used 18263K [0x00000000c0000000, 0x00000000c4300000, 0x00000000eab00000)
  object space 68608K, 26% used [0x00000000c0000000,0x00000000c11d5e40,0x00000000c4300000)
 Metaspace       used 47492K, committed 48512K, reserved 1114112K
  class space    used 5040K, committed 5440K, reserved 1048576K
}
Event: 28.788 GC heap after
{Heap after GC invocations=18 (full 2):
 PSYoungGen      total 23040K, used 1024K [0x00000000eab00000, 0x00000000ec500000, 0x0000000100000000)
  eden space 22016K, 0% used [0x00000000eab00000,0x00000000eab00000,0x00000000ec080000)
  from space 1024K, 100% used [0x00000000ec400000,0x00000000ec500000,0x00000000ec500000)
  to   space 1536K, 0% used [0x00000000ec200000,0x00000000ec200000,0x00000000ec380000)
 ParOldGen       total 68608K, used 19387K [0x00000000c0000000, 0x00000000c4300000, 0x00000000eab00000)
  object space 68608K, 28% used [0x00000000c0000000,0x00000000c12eeec8,0x00000000c4300000)
 Metaspace       used 47492K, committed 48512K, reserved 1114112K
  class space    used 5040K, committed 5440K, reserved 1048576K
}
Event: 31.338 GC heap before
{Heap before GC invocations=19 (full 2):
 PSYoungGen      total 23040K, used 23040K [0x00000000eab00000, 0x00000000ec500000, 0x0000000100000000)
  eden space 22016K, 100% used [0x00000000eab00000,0x00000000ec080000,0x00000000ec080000)
  from space 1024K, 100% used [0x00000000ec400000,0x00000000ec500000,0x00000000ec500000)
  to   space 1536K, 0% used [0x00000000ec200000,0x00000000ec200000,0x00000000ec380000)
 ParOldGen       total 68608K, used 19387K [0x00000000c0000000, 0x00000000c4300000, 0x00000000eab00000)
  object space 68608K, 28% used [0x00000000c0000000,0x00000000c12eeec8,0x00000000c4300000)
 Metaspace       used 50072K, committed 51136K, reserved 1114112K
  class space    used 5379K, committed 5824K, reserved 1048576K
}
Event: 31.344 GC heap after
{Heap after GC invocations=19 (full 2):
 PSYoungGen      total 23552K, used 1508K [0x00000000eab00000, 0x00000000ec780000, 0x0000000100000000)
  eden space 22016K, 0% used [0x00000000eab00000,0x00000000eab00000,0x00000000ec080000)
  from space 1536K, 98% used [0x00000000ec200000,0x00000000ec379140,0x00000000ec380000)
  to   space 3584K, 0% used [0x00000000ec400000,0x00000000ec400000,0x00000000ec780000)
 ParOldGen       total 68608K, used 20935K [0x00000000c0000000, 0x00000000c4300000, 0x00000000eab00000)
  object space 68608K, 30% used [0x00000000c0000000,0x00000000c1471c08,0x00000000c4300000)
 Metaspace       used 50072K, committed 51136K, reserved 1114112K
  class space    used 5379K, committed 5824K, reserved 1048576K
}
Event: 37.978 GC heap before
{Heap before GC invocations=20 (full 2):
 PSYoungGen      total 23552K, used 23524K [0x00000000eab00000, 0x00000000ec780000, 0x0000000100000000)
  eden space 22016K, 100% used [0x00000000eab00000,0x00000000ec080000,0x00000000ec080000)
  from space 1536K, 98% used [0x00000000ec200000,0x00000000ec379140,0x00000000ec380000)
  to   space 3584K, 0% used [0x00000000ec400000,0x00000000ec400000,0x00000000ec780000)
 ParOldGen       total 68608K, used 20935K [0x00000000c0000000, 0x00000000c4300000, 0x00000000eab00000)
  object space 68608K, 30% used [0x00000000c0000000,0x00000000c1471c08,0x00000000c4300000)
 Metaspace       used 51930K, committed 53056K, reserved 1114112K
  class space    used 5588K, committed 6080K, reserved 1048576K
}
Event: 37.983 GC heap after
{Heap after GC invocations=20 (full 2):
 PSYoungGen      total 23040K, used 777K [0x00000000eab00000, 0x00000000ec500000, 0x0000000100000000)
  eden space 22016K, 0% used [0x00000000eab00000,0x00000000eab00000,0x00000000ec080000)
  from space 1024K, 75% used [0x00000000ec400000,0x00000000ec4c2590,0x00000000ec500000)
  to   space 2048K, 0% used [0x00000000ec100000,0x00000000ec100000,0x00000000ec300000)
 ParOldGen       total 68608K, used 22460K [0x00000000c0000000, 0x00000000c4300000, 0x00000000eab00000)
  object space 68608K, 32% used [0x00000000c0000000,0x00000000c15ef3f8,0x00000000c4300000)
 Metaspace       used 51930K, committed 53056K, reserved 1114112K
  class space    used 5588K, committed 6080K, reserved 1048576K
}
Event: 42.487 GC heap before
{Heap before GC invocations=21 (full 2):
 PSYoungGen      total 23040K, used 22793K [0x00000000eab00000, 0x00000000ec500000, 0x0000000100000000)
  eden space 22016K, 100% used [0x00000000eab00000,0x00000000ec080000,0x00000000ec080000)
  from space 1024K, 75% used [0x00000000ec400000,0x00000000ec4c2590,0x00000000ec500000)
  to   space 2048K, 0% used [0x00000000ec100000,0x00000000ec100000,0x00000000ec300000)
 ParOldGen       total 68608K, used 22460K [0x00000000c0000000, 0x00000000c4300000, 0x00000000eab00000)
  object space 68608K, 32% used [0x00000000c0000000,0x00000000c15ef3f8,0x00000000c4300000)
 Metaspace       used 52015K, committed 53184K, reserved 1114112K
  class space    used 5590K, committed 6080K, reserved 1048576K
}
Event: 42.491 GC heap after
{Heap after GC invocations=21 (full 2):
 PSYoungGen      total 24064K, used 256K [0x00000000eab00000, 0x00000000ec480000, 0x0000000100000000)
  eden space 22016K, 0% used [0x00000000eab00000,0x00000000eab00000,0x00000000ec080000)
  from space 2048K, 12% used [0x00000000ec100000,0x00000000ec140000,0x00000000ec300000)
  to   space 1024K, 0% used [0x00000000ec380000,0x00000000ec380000,0x00000000ec480000)
 ParOldGen       total 68608K, used 23170K [0x00000000c0000000, 0x00000000c4300000, 0x00000000eab00000)
  object space 68608K, 33% used [0x00000000c0000000,0x00000000c16a0b48,0x00000000c4300000)
 Metaspace       used 52015K, committed 53184K, reserved 1114112K
  class space    used 5590K, committed 6080K, reserved 1048576K
}
Event: 46.087 GC heap before
{Heap before GC invocations=22 (full 2):
 PSYoungGen      total 24064K, used 22272K [0x00000000eab00000, 0x00000000ec480000, 0x0000000100000000)
  eden space 22016K, 100% used [0x00000000eab00000,0x00000000ec080000,0x00000000ec080000)
  from space 2048K, 12% used [0x00000000ec100000,0x00000000ec140000,0x00000000ec300000)
  to   space 1024K, 0% used [0x00000000ec380000,0x00000000ec380000,0x00000000ec480000)
 ParOldGen       total 68608K, used 23170K [0x00000000c0000000, 0x00000000c4300000, 0x00000000eab00000)
  object space 68608K, 33% used [0x00000000c0000000,0x00000000c16a0b48,0x00000000c4300000)
 Metaspace       used 52510K, committed 53632K, reserved 1114112K
  class space    used 5637K, committed 6080K, reserved 1048576K
}
Event: 46.091 GC heap after
{Heap after GC invocations=22 (full 2):
 PSYoungGen      total 23040K, used 784K [0x00000000eab00000, 0x00000000ec480000, 0x0000000100000000)
  eden space 22016K, 0% used [0x00000000eab00000,0x00000000eab00000,0x00000000ec080000)
  from space 1024K, 76% used [0x00000000ec380000,0x00000000ec444010,0x00000000ec480000)
  to   space 1024K, 0% used [0x00000000ec280000,0x00000000ec280000,0x00000000ec380000)
 ParOldGen       total 68608K, used 23370K [0x00000000c0000000, 0x00000000c4300000, 0x00000000eab00000)
  object space 68608K, 34% used [0x00000000c0000000,0x00000000c16d2b48,0x00000000c4300000)
 Metaspace       used 52510K, committed 53632K, reserved 1114112K
  class space    used 5637K, committed 6080K, reserved 1048576K
}
Event: 47.626 GC heap before
{Heap before GC invocations=23 (full 2):
 PSYoungGen      total 23040K, used 22800K [0x00000000eab00000, 0x00000000ec480000, 0x0000000100000000)
  eden space 22016K, 100% used [0x00000000eab00000,0x00000000ec080000,0x00000000ec080000)
  from space 1024K, 76% used [0x00000000ec380000,0x00000000ec444010,0x00000000ec480000)
  to   space 1024K, 0% used [0x00000000ec280000,0x00000000ec280000,0x00000000ec380000)
 ParOldGen       total 68608K, used 23370K [0x00000000c0000000, 0x00000000c4300000, 0x00000000eab00000)
  object space 68608K, 34% used [0x00000000c0000000,0x00000000c16d2b48,0x00000000c4300000)
 Metaspace       used 52633K, committed 53760K, reserved 1114112K
  class space    used 5652K, committed 6144K, reserved 1048576K
}
Event: 47.635 GC heap after
{Heap after GC invocations=23 (full 2):
 PSYoungGen      total 23040K, used 928K [0x00000000eab00000, 0x00000000ec400000, 0x0000000100000000)
  eden space 22016K, 0% used [0x00000000eab00000,0x00000000eab00000,0x00000000ec080000)
  from space 1024K, 90% used [0x00000000ec280000,0x00000000ec368000,0x00000000ec380000)
  to   space 512K, 0% used [0x00000000ec380000,0x00000000ec380000,0x00000000ec400000)
 ParOldGen       total 68608K, used 24118K [0x00000000c0000000, 0x00000000c4300000, 0x00000000eab00000)
  object space 68608K, 35% used [0x00000000c0000000,0x00000000c178db98,0x00000000c4300000)
 Metaspace       used 52633K, committed 53760K, reserved 1114112K
  class space    used 5652K, committed 6144K, reserved 1048576K
}
Event: 49.539 GC heap before
{Heap before GC invocations=24 (full 2):
 PSYoungGen      total 23040K, used 22944K [0x00000000eab00000, 0x00000000ec400000, 0x0000000100000000)
  eden space 22016K, 100% used [0x00000000eab00000,0x00000000ec080000,0x00000000ec080000)
  from space 1024K, 90% used [0x00000000ec280000,0x00000000ec368000,0x00000000ec380000)
  to   space 512K, 0% used [0x00000000ec380000,0x00000000ec380000,0x00000000ec400000)
 ParOldGen       total 68608K, used 24118K [0x00000000c0000000, 0x00000000c4300000, 0x00000000eab00000)
  object space 68608K, 35% used [0x00000000c0000000,0x00000000c178db98,0x00000000c4300000)
 Metaspace       used 53031K, committed 54208K, reserved 1114112K
  class space    used 5714K, committed 6208K, reserved 1048576K
}
Event: 49.548 GC heap after
{Heap after GC invocations=24 (full 2):
 PSYoungGen      total 22528K, used 512K [0x00000000eab00000, 0x00000000ec580000, 0x0000000100000000)
  eden space 22016K, 0% used [0x00000000eab00000,0x00000000eab00000,0x00000000ec080000)
  from space 512K, 100% used [0x00000000ec380000,0x00000000ec400000,0x00000000ec400000)
  to   space 2560K, 0% used [0x00000000ec080000,0x00000000ec080000,0x00000000ec300000)
 ParOldGen       total 68608K, used 25622K [0x00000000c0000000, 0x00000000c4300000, 0x00000000eab00000)
  object space 68608K, 37% used [0x00000000c0000000,0x00000000c1905890,0x00000000c4300000)
 Metaspace       used 53031K, committed 54208K, reserved 1114112K
  class space    used 5714K, committed 6208K, reserved 1048576K
}
Event: 52.095 GC heap before
{Heap before GC invocations=25 (full 2):
 PSYoungGen      total 22528K, used 22528K [0x00000000eab00000, 0x00000000ec580000, 0x0000000100000000)
  eden space 22016K, 100% used [0x00000000eab00000,0x00000000ec080000,0x00000000ec080000)
  from space 512K, 100% used [0x00000000ec380000,0x00000000ec400000,0x00000000ec400000)
  to   space 2560K, 0% used [0x00000000ec080000,0x00000000ec080000,0x00000000ec300000)
 ParOldGen       total 68608K, used 25622K [0x00000000c0000000, 0x00000000c4300000, 0x00000000eab00000)
  object space 68608K, 37% used [0x00000000c0000000,0x00000000c1905890,0x00000000c4300000)
 Metaspace       used 54489K, committed 55616K, reserved 1114112K
  class space    used 5860K, committed 6336K, reserved 1048576K
}
Event: 52.105 GC heap after
{Heap after GC invocations=25 (full 2):
 PSYoungGen      total 24576K, used 2541K [0x00000000eab00000, 0x00000000ec980000, 0x0000000100000000)
  eden space 22016K, 0% used [0x00000000eab00000,0x00000000eab00000,0x00000000ec080000)
  from space 2560K, 99% used [0x00000000ec080000,0x00000000ec2fb510,0x00000000ec300000)
  to   space 4608K, 0% used [0x00000000ec500000,0x00000000ec500000,0x00000000ec980000)
 ParOldGen       total 68608K, used 26970K [0x00000000c0000000, 0x00000000c4300000, 0x00000000eab00000)
  object space 68608K, 39% used [0x00000000c0000000,0x00000000c1a568a0,0x00000000c4300000)
 Metaspace       used 54489K, committed 55616K, reserved 1114112K
  class space    used 5860K, committed 6336K, reserved 1048576K
}
Event: 54.258 GC heap before
{Heap before GC invocations=26 (full 2):
 PSYoungGen      total 24576K, used 24557K [0x00000000eab00000, 0x00000000ec980000, 0x0000000100000000)
  eden space 22016K, 100% used [0x00000000eab00000,0x00000000ec080000,0x00000000ec080000)
  from space 2560K, 99% used [0x00000000ec080000,0x00000000ec2fb510,0x00000000ec300000)
  to   space 4608K, 0% used [0x00000000ec500000,0x00000000ec500000,0x00000000ec980000)
 ParOldGen       total 68608K, used 26970K [0x00000000c0000000, 0x00000000c4300000, 0x00000000eab00000)
  object space 68608K, 39% used [0x00000000c0000000,0x00000000c1a568a0,0x00000000c4300000)
 Metaspace       used 54702K, committed 55808K, reserved 1114112K
  class space    used 5862K, committed 6336K, reserved 1048576K
}
Event: 54.269 GC heap after
{Heap after GC invocations=26 (full 2):
 PSYoungGen      total 24576K, used 2112K [0x00000000eab00000, 0x00000000ec780000, 0x0000000100000000)
  eden space 22016K, 0% used [0x00000000eab00000,0x00000000eab00000,0x00000000ec080000)
  from space 2560K, 82% used [0x00000000ec500000,0x00000000ec710000,0x00000000ec780000)
  to   space 3072K, 0% used [0x00000000ec180000,0x00000000ec180000,0x00000000ec480000)
 ParOldGen       total 68608K, used 29503K [0x00000000c0000000, 0x00000000c4300000, 0x00000000eab00000)
  object space 68608K, 43% used [0x00000000c0000000,0x00000000c1ccfdf0,0x00000000c4300000)
 Metaspace       used 54702K, committed 55808K, reserved 1114112K
  class space    used 5862K, committed 6336K, reserved 1048576K
}

Dll operation events (10 events):
Event: 0.032 Loaded shared library c:\Users\Dell 2\.vscode\extensions\redhat.java-1.32.0-win32-x64\jre\17.0.11-win32-x86_64\bin\java.dll
Event: 1.559 Loaded shared library c:\Users\Dell 2\.vscode\extensions\redhat.java-1.32.0-win32-x64\jre\17.0.11-win32-x86_64\bin\zip.dll
Event: 1.564 Loaded shared library C:\Users\Dell 2\.vscode\extensions\redhat.java-1.32.0-win32-x64\jre\17.0.11-win32-x86_64\bin\instrument.dll
Event: 1.593 Loaded shared library C:\Users\Dell 2\.vscode\extensions\redhat.java-1.32.0-win32-x64\jre\17.0.11-win32-x86_64\bin\net.dll
Event: 1.601 Loaded shared library C:\Users\Dell 2\.vscode\extensions\redhat.java-1.32.0-win32-x64\jre\17.0.11-win32-x86_64\bin\nio.dll
Event: 1.615 Loaded shared library C:\Users\Dell 2\.vscode\extensions\redhat.java-1.32.0-win32-x64\jre\17.0.11-win32-x86_64\bin\zip.dll
Event: 1.859 Loaded shared library C:\Users\Dell 2\.vscode\extensions\redhat.java-1.32.0-win32-x64\jre\17.0.11-win32-x86_64\bin\jimage.dll
Event: 2.444 Loaded shared library c:\Users\Dell 2\.vscode\extensions\redhat.java-1.32.0-win32-x64\jre\17.0.11-win32-x86_64\bin\verify.dll
Event: 10.587 Loaded shared library C:\Users\Dell 2\AppData\Roaming\Code\User\globalStorage\redhat.java\1.32.0\config_win\org.eclipse.equinox.launcher\org.eclipse.equinox.launcher.win32.win32.x86_64_1.2.1100.v20240613-2013\eclipse_11903.dll
Event: 26.606 Loaded shared library C:\Temp\jna-2043380147\jna8048592761661463481.dll

Deoptimization events (20 events):
Event: 55.207 Thread 0x000002696c9401e0 Uncommon trap: trap_request=0xffffff45 fr.pc=0x000002695d693e48 relative=0x00000000000004e8
Event: 55.207 Thread 0x000002696c9401e0 Uncommon trap: reason=unstable_if action=reinterpret pc=0x000002695d693e48 method=java.util.Properties.load0(Ljava/util/Properties$LineReader;)V @ 114 c2
Event: 55.207 Thread 0x000002696c9401e0 DEOPT PACKING pc=0x000002695d693e48 sp=0x000000c5d1afde20
Event: 55.207 Thread 0x000002696c9401e0 DEOPT UNPACKING pc=0x000002695cfa66a3 sp=0x000000c5d1afdd98 mode 2
Event: 55.377 Thread 0x000002696c9401e0 Uncommon trap: trap_request=0xffffff45 fr.pc=0x000002695d8559d0 relative=0x0000000000000050
Event: 55.377 Thread 0x000002696c9401e0 Uncommon trap: reason=unstable_if action=reinterpret pc=0x000002695d8559d0 method=org.codehaus.plexus.util.xml.pull.MXParser.isValidCodePoint(I)Z @ 15 c2
Event: 55.377 Thread 0x000002696c9401e0 DEOPT PACKING pc=0x000002695d8559d0 sp=0x000000c5d1afdf60
Event: 55.377 Thread 0x000002696c9401e0 DEOPT UNPACKING pc=0x000002695cfa66a3 sp=0x000000c5d1afdef8 mode 2
Event: 55.377 Thread 0x000002696c9401e0 Uncommon trap: trap_request=0xffffff45 fr.pc=0x000002695d85b630 relative=0x00000000000003b0
Event: 55.377 Thread 0x000002696c9401e0 Uncommon trap: reason=unstable_if action=reinterpret pc=0x000002695d85b630 method=org.codehaus.plexus.util.xml.pull.MXParser.isValidCodePoint(I)Z @ 15 c2
Event: 55.377 Thread 0x000002696c9401e0 DEOPT PACKING pc=0x000002695d85b630 sp=0x000000c5d1afdfb0
Event: 55.377 Thread 0x000002696c9401e0 DEOPT UNPACKING pc=0x000002695cfa66a3 sp=0x000000c5d1afdf00 mode 2
Event: 57.272 Thread 0x000002696c9401e0 Uncommon trap: trap_request=0xffffffbe fr.pc=0x000002695d8ab740 relative=0x0000000000000140
Event: 57.272 Thread 0x000002696c9401e0 Uncommon trap: reason=profile_predicate action=maybe_recompile pc=0x000002695d8ab740 method=java.util.LinkedHashMap.valuesToArray([Ljava/lang/Object;)[Ljava/lang/Object; @ 12 c2
Event: 57.272 Thread 0x000002696c9401e0 DEOPT PACKING pc=0x000002695d8ab740 sp=0x000000c5d1afcf10
Event: 57.272 Thread 0x000002696c9401e0 DEOPT UNPACKING pc=0x000002695cfa66a3 sp=0x000000c5d1afcea8 mode 2
Event: 57.887 Thread 0x000002696c6b5370 Uncommon trap: trap_request=0xffffffde fr.pc=0x000002695d63985c relative=0x0000000000000ebc
Event: 57.887 Thread 0x000002696c6b5370 Uncommon trap: reason=class_check action=maybe_recompile pc=0x000002695d63985c method=java.util.concurrent.ConcurrentHashMap.putVal(Ljava/lang/Object;Ljava/lang/Object;Z)Ljava/lang/Object; @ 242 c2
Event: 57.887 Thread 0x000002696c6b5370 DEOPT PACKING pc=0x000002695d63985c sp=0x000000c5d2afe430
Event: 57.887 Thread 0x000002696c6b5370 DEOPT UNPACKING pc=0x000002695cfa66a3 sp=0x000000c5d2afe3a0 mode 2

Classes unloaded (7 events):
Event: 16.287 Thread 0x0000026952e3ea30 Unloading class 0x0000000100248400 'java/lang/invoke/LambdaForm$MH+0x0000000100248400'
Event: 16.287 Thread 0x0000026952e3ea30 Unloading class 0x0000000100248000 'java/lang/invoke/LambdaForm$MH+0x0000000100248000'
Event: 16.287 Thread 0x0000026952e3ea30 Unloading class 0x0000000100247c00 'java/lang/invoke/LambdaForm$MH+0x0000000100247c00'
Event: 16.287 Thread 0x0000026952e3ea30 Unloading class 0x0000000100247800 'java/lang/invoke/LambdaForm$MH+0x0000000100247800'
Event: 16.287 Thread 0x0000026952e3ea30 Unloading class 0x0000000100247400 'java/lang/invoke/LambdaForm$BMH+0x0000000100247400'
Event: 16.287 Thread 0x0000026952e3ea30 Unloading class 0x0000000100247000 'java/lang/invoke/LambdaForm$DMH+0x0000000100247000'
Event: 16.287 Thread 0x0000026952e3ea30 Unloading class 0x0000000100244400 'java/lang/invoke/LambdaForm$DMH+0x0000000100244400'

Classes redefined (0 events):
No events

Internal exceptions (20 events):
Event: 50.876 Thread 0x000002696c93d960 Exception <a 'sun/nio/fs/WindowsException'{0x00000000eb1a5560}> (0x00000000eb1a5560) 
thrown [s\src\hotspot\share\prims\jni.cpp, line 516]
Event: 50.878 Thread 0x000002696c93d960 Exception <a 'sun/nio/fs/WindowsException'{0x00000000eb1aee40}> (0x00000000eb1aee40) 
thrown [s\src\hotspot\share\prims\jni.cpp, line 516]
Event: 50.880 Thread 0x000002696c93d960 Exception <a 'sun/nio/fs/WindowsException'{0x00000000eb1af720}> (0x00000000eb1af720) 
thrown [s\src\hotspot\share\prims\jni.cpp, line 516]
Event: 50.884 Thread 0x000002696c93d960 Exception <a 'sun/nio/fs/WindowsException'{0x00000000eb1b7d60}> (0x00000000eb1b7d60) 
thrown [s\src\hotspot\share\prims\jni.cpp, line 516]
Event: 50.884 Thread 0x000002696c93d960 Exception <a 'sun/nio/fs/WindowsException'{0x00000000eb1b8640}> (0x00000000eb1b8640) 
thrown [s\src\hotspot\share\prims\jni.cpp, line 516]
Event: 50.909 Thread 0x000002696c93d960 Exception <a 'java/io/FileNotFoundException'{0x00000000eb44ab30}> (0x00000000eb44ab30) 
thrown [s\src\hotspot\share\prims\jni.cpp, line 516]
Event: 50.916 Thread 0x000002696c93d960 Exception <a 'java/io/FileNotFoundException'{0x00000000eb44bb30}> (0x00000000eb44bb30) 
thrown [s\src\hotspot\share\prims\jni.cpp, line 516]
Event: 50.916 Thread 0x000002696c93d960 Exception <a 'java/io/FileNotFoundException'{0x00000000eb44c888}> (0x00000000eb44c888) 
thrown [s\src\hotspot\share\prims\jni.cpp, line 516]
Event: 54.641 Thread 0x000002696c9401e0 Exception <a 'java/lang/NoSuchMethodError'{0x00000000eae4c0d8}: 'java.lang.Object java.lang.invoke.DirectMethodHandle$Holder.newInvokeSpecial(java.lang.Object, java.lang.Object, java.lang.Object, java.lang.Object, java.lang.Object, java.lang.Object, java.lang.Object, java.lang.Object)'> (0x00000000eae4c0d8) 
thrown [s\src\hotspot\share\interpreter\linkResolver.cpp, line 759]
Event: 54.649 Thread 0x000002696c9401e0 Exception <a 'java/lang/NoSuchMethodError'{0x00000000eae50b38}: 'java.lang.Object java.lang.invoke.Invokers$Holder.linkToTargetMethod(java.lang.Object, java.lang.Object, java.lang.Object, java.lang.Object, java.lang.Object, java.lang.Object, java.lang.Object, java.lang.Object)'> (0x00000000eae50b38) 
thrown [s\src\hotspot\share\interpreter\linkResolver.cpp, line 759]
Event: 54.701 Thread 0x000002696c9401e0 Exception <a 'java/lang/NoSuchMethodError'{0x00000000eae63ff8}: 'java.lang.Object java.lang.invoke.DirectMethodHandle$Holder.invokeStatic(java.lang.Object, java.lang.Object, int, java.lang.Object, java.lang.Object)'> (0x00000000eae63ff8) 
thrown [s\src\hotspot\share\interpreter\linkResolver.cpp, line 759]
Event: 54.703 Thread 0x000002696c9401e0 Exception <a 'java/lang/NoSuchMethodError'{0x00000000eae6b280}: 'java.lang.Object java.lang.invoke.DirectMethodHandle$Holder.newInvokeSpecial(java.lang.Object, java.lang.Object, int)'> (0x00000000eae6b280) 
thrown [s\src\hotspot\share\interpreter\linkResolver.cpp, line 759]
Event: 54.760 Thread 0x000002696c9401e0 Exception <a 'java/lang/NoSuchMethodError'{0x00000000eaeda918}: 'void java.lang.invoke.DirectMethodHandle$Holder.invokeStatic(java.lang.Object, int)'> (0x00000000eaeda918) 
thrown [s\src\hotspot\share\interpreter\linkResolver.cpp, line 759]
Event: 55.093 Thread 0x000002696c9401e0 Exception <a 'java/io/FileNotFoundException'{0x00000000eb2975e0}> (0x00000000eb2975e0) 
thrown [s\src\hotspot\share\prims\jni.cpp, line 516]
Event: 56.466 Thread 0x000002696c9401e0 Exception <a 'java/lang/NoSuchMethodError'{0x00000000eb400e70}: 'java.lang.Object java.lang.invoke.DirectMethodHandle$Holder.invokeInterface(java.lang.Object, java.lang.Object, java.lang.Object)'> (0x00000000eb400e70) 
thrown [s\src\hotspot\share\interpreter\linkResolver.cpp, line 759]
Event: 56.485 Thread 0x000002696c9401e0 Exception <a 'java/lang/NoSuchMethodError'{0x00000000eb42dc60}: 'int java.lang.invoke.DirectMethodHandle$Holder.invokeSpecialIFC(java.lang.Object, java.lang.Object, java.lang.Object)'> (0x00000000eb42dc60) 
thrown [s\src\hotspot\share\interpreter\linkResolver.cpp, line 759]
Event: 57.497 Thread 0x000002696c9401e0 Exception <a 'java/lang/NoSuchMethodError'{0x00000000eb720290}: 'java.lang.Object java.lang.invoke.Invokers$Holder.linkToTargetMethod(java.lang.Object, java.lang.Object, java.lang.Object, java.lang.Object, java.lang.Object, java.lang.Object, java.lang.Object)'> (0x00000000eb720290) 
thrown [s\src\hotspot\share\interpreter\linkResolver.cpp, line 759]
Event: 57.720 Thread 0x000002696c9401e0 Exception <a 'java/lang/NoSuchMethodError'{0x00000000eb8184e0}: 'void java.lang.invoke.DirectMethodHandle$Holder.invokeInterface(java.lang.Object, java.lang.Object)'> (0x00000000eb8184e0) 
thrown [s\src\hotspot\share\interpreter\linkResolver.cpp, line 759]
Event: 57.750 Thread 0x000002696c9401e0 Exception <a 'java/lang/NoSuchMethodError'{0x00000000eb86a538}: 'java.lang.Object java.lang.invoke.DirectMethodHandle$Holder.newInvokeSpecial(java.lang.Object, java.lang.Object, java.lang.Object, java.lang.Object, java.lang.Object, java.lang.Object)'> (0x00000000eb86a538) 
thrown [s\src\hotspot\share\interpreter\linkResolver.cpp, line 759]
Event: 57.802 Thread 0x000002696c6b8100 Exception <a 'java/lang/NoSuchMethodError'{0x00000000eb8da3a0}: 'void java.lang.invoke.DirectMethodHandle$Holder.invokeSpecial(java.lang.Object, java.lang.Object, java.lang.Object, java.lang.Object, java.lang.Object, java.lang.Object, java.lang.Object, java.lang.Object)'> (0x00000000eb8da3a0) 
thrown [s\src\hotspot\share\interpreter\linkResolver.cpp, line 759]

VM Operations (20 events):
Event: 50.938 Executing VM operation: HandshakeAllThreads
Event: 50.938 Executing VM operation: HandshakeAllThreads done
Event: 50.938 Executing VM operation: Cleanup
Event: 50.941 Executing VM operation: Cleanup done
Event: 50.942 Executing VM operation: HandshakeAllThreads
Event: 50.942 Executing VM operation: HandshakeAllThreads done
Event: 52.095 Executing VM operation: ParallelGCFailedAllocation
Event: 52.105 Executing VM operation: ParallelGCFailedAllocation done
Event: 52.395 Executing VM operation: HandshakeAllThreads
Event: 52.395 Executing VM operation: HandshakeAllThreads done
Event: 53.397 Executing VM operation: Cleanup
Event: 53.397 Executing VM operation: Cleanup done
Event: 54.258 Executing VM operation: ParallelGCFailedAllocation
Event: 54.270 Executing VM operation: ParallelGCFailedAllocation done
Event: 55.050 Executing VM operation: HandshakeAllThreads
Event: 55.050 Executing VM operation: HandshakeAllThreads done
Event: 56.056 Executing VM operation: Cleanup
Event: 56.056 Executing VM operation: Cleanup done
Event: 57.060 Executing VM operation: Cleanup
Event: 57.061 Executing VM operation: Cleanup done

Events (20 events):
Event: 52.424 Thread 0x000002696be0e850 flushing nmethod 0x000002695661f490
Event: 52.424 Thread 0x000002696be0e850 flushing nmethod 0x0000026956623490
Event: 52.425 Thread 0x000002696be0e850 flushing nmethod 0x000002695664cb90
Event: 52.425 Thread 0x000002696be0e850 flushing nmethod 0x000002695664ff90
Event: 52.425 Thread 0x000002696be0e850 flushing nmethod 0x0000026956651890
Event: 52.425 Thread 0x000002696be0e850 flushing nmethod 0x0000026956654410
Event: 52.425 Thread 0x000002696be0e850 flushing nmethod 0x000002695665ce90
Event: 52.425 Thread 0x000002696be0e850 flushing nmethod 0x000002695665f710
Event: 52.425 Thread 0x000002696be0e850 flushing nmethod 0x0000026956660f90
Event: 54.541 loading class java/util/Collections$2
Event: 54.542 loading class java/util/Collections$2 done
Event: 54.603 loading class java/lang/invoke/MethodHandleImpl$CountingWrapper$1
Event: 54.605 loading class java/lang/invoke/MethodHandleImpl$CountingWrapper$1 done
Event: 57.276 loading class java/util/LinkedList$LLSpliterator
Event: 57.277 loading class java/util/LinkedList$LLSpliterator done
Event: 57.766 Thread 0x000002696c6b7bf0 Thread added: 0x000002696c6b7bf0
Event: 57.767 Thread 0x000002696c6b8100 Thread added: 0x000002696c6b8100
Event: 57.767 Thread 0x000002696c6b8b20 Thread added: 0x000002696c6b8b20
Event: 57.771 Thread 0x000002696c6b9030 Thread added: 0x000002696c6b9030
Event: 57.772 Thread 0x000002696c6b5370 Thread added: 0x000002696c6b5370


Dynamic libraries:
0x00007ff7d05b0000 - 0x00007ff7d05be000 	c:\Users\Dell 2\.vscode\extensions\redhat.java-1.32.0-win32-x64\jre\17.0.11-win32-x86_64\bin\java.exe
0x00007ff89a770000 - 0x00007ff89a987000 	C:\WINDOWS\SYSTEM32\ntdll.dll
0x00007ff89a270000 - 0x00007ff89a334000 	C:\WINDOWS\System32\KERNEL32.DLL
0x00007ff897bc0000 - 0x00007ff897f6d000 	C:\WINDOWS\System32\KERNELBASE.dll
0x00007ff897f70000 - 0x00007ff898081000 	C:\WINDOWS\System32\ucrtbase.dll
0x00007ff880310000 - 0x00007ff880327000 	c:\Users\Dell 2\.vscode\extensions\redhat.java-1.32.0-win32-x64\jre\17.0.11-win32-x86_64\bin\jli.dll
0x00007ff89a340000 - 0x00007ff89a4ee000 	C:\WINDOWS\System32\USER32.dll
0x00007ff898480000 - 0x00007ff8984a6000 	C:\WINDOWS\System32\win32u.dll
0x00007ff899380000 - 0x00007ff8993a9000 	C:\WINDOWS\System32\GDI32.dll
0x00007ff897aa0000 - 0x00007ff897bb9000 	C:\WINDOWS\System32\gdi32full.dll
0x00007ff8982f0000 - 0x00007ff89838a000 	C:\WINDOWS\System32\msvcp_win.dll
0x00007ff87ef40000 - 0x00007ff87ef5b000 	c:\Users\Dell 2\.vscode\extensions\redhat.java-1.32.0-win32-x64\jre\17.0.11-win32-x86_64\bin\VCRUNTIME140.dll
0x00007ff885c70000 - 0x00007ff885f03000 	C:\WINDOWS\WinSxS\amd64_microsoft.windows.common-controls_6595b64144ccf1df_6.0.22621.3672_none_2713b9d173822955\COMCTL32.dll
0x00007ff898840000 - 0x00007ff8988e7000 	C:\WINDOWS\System32\msvcrt.dll
0x00007ff89a5a0000 - 0x00007ff89a5d1000 	C:\WINDOWS\System32\IMM32.DLL
0x00007ff884500000 - 0x00007ff88450c000 	c:\Users\Dell 2\.vscode\extensions\redhat.java-1.32.0-win32-x64\jre\17.0.11-win32-x86_64\bin\vcruntime140_1.dll
0x00007ff8549b0000 - 0x00007ff854a3d000 	c:\Users\Dell 2\.vscode\extensions\redhat.java-1.32.0-win32-x64\jre\17.0.11-win32-x86_64\bin\msvcp140.dll
0x00007ff815a10000 - 0x00007ff816672000 	c:\Users\Dell 2\.vscode\extensions\redhat.java-1.32.0-win32-x64\jre\17.0.11-win32-x86_64\bin\server\jvm.dll
0x00007ff8984b0000 - 0x00007ff898562000 	C:\WINDOWS\System32\ADVAPI32.dll
0x00007ff89a4f0000 - 0x00007ff89a599000 	C:\WINDOWS\System32\sechost.dll
0x00007ff898450000 - 0x00007ff898478000 	C:\WINDOWS\System32\bcrypt.dll
0x00007ff89a0f0000 - 0x00007ff89a204000 	C:\WINDOWS\System32\RPCRT4.dll
0x00007ff897960000 - 0x00007ff8979ad000 	C:\WINDOWS\SYSTEM32\POWRPROF.dll
0x00007ff87dcd0000 - 0x00007ff87dcd9000 	C:\WINDOWS\SYSTEM32\WSOCK32.dll
0x00007ff8991f0000 - 0x00007ff899261000 	C:\WINDOWS\System32\WS2_32.dll
0x00007ff88e7d0000 - 0x00007ff88e7da000 	C:\WINDOWS\SYSTEM32\VERSION.dll
0x00007ff8946a0000 - 0x00007ff8946d4000 	C:\WINDOWS\SYSTEM32\WINMM.dll
0x00007ff897790000 - 0x00007ff8977a3000 	C:\WINDOWS\SYSTEM32\UMPDC.dll
0x00007ff896aa0000 - 0x00007ff896ab8000 	C:\WINDOWS\SYSTEM32\kernel.appcore.dll
0x00007ff882440000 - 0x00007ff88244a000 	c:\Users\Dell 2\.vscode\extensions\redhat.java-1.32.0-win32-x64\jre\17.0.11-win32-x86_64\bin\jimage.dll
0x00007ff894370000 - 0x00007ff8945a2000 	C:\WINDOWS\SYSTEM32\DBGHELP.DLL
0x00007ff899830000 - 0x00007ff899bb8000 	C:\WINDOWS\System32\combase.dll
0x00007ff898570000 - 0x00007ff898647000 	C:\WINDOWS\System32\OLEAUT32.dll
0x00007ff894110000 - 0x00007ff894142000 	C:\WINDOWS\SYSTEM32\dbgcore.DLL
0x00007ff898200000 - 0x00007ff89827b000 	C:\WINDOWS\System32\bcryptPrimitives.dll
0x00007ff880390000 - 0x00007ff88039e000 	c:\Users\Dell 2\.vscode\extensions\redhat.java-1.32.0-win32-x64\jre\17.0.11-win32-x86_64\bin\instrument.dll
0x00007ff87cf70000 - 0x00007ff87cf95000 	c:\Users\Dell 2\.vscode\extensions\redhat.java-1.32.0-win32-x64\jre\17.0.11-win32-x86_64\bin\java.dll
0x00007ff87eec0000 - 0x00007ff87eed8000 	c:\Users\Dell 2\.vscode\extensions\redhat.java-1.32.0-win32-x64\jre\17.0.11-win32-x86_64\bin\zip.dll
0x00007ff8988f0000 - 0x00007ff89914f000 	C:\WINDOWS\System32\SHELL32.dll
0x00007ff8959a0000 - 0x00007ff89629c000 	C:\WINDOWS\SYSTEM32\windows.storage.dll
0x00007ff895860000 - 0x00007ff89599f000 	C:\WINDOWS\SYSTEM32\wintypes.dll
0x00007ff89a5e0000 - 0x00007ff89a6d4000 	C:\WINDOWS\System32\SHCORE.dll
0x00007ff899270000 - 0x00007ff8992ce000 	C:\WINDOWS\System32\shlwapi.dll
0x00007ff8979d0000 - 0x00007ff8979f1000 	C:\WINDOWS\SYSTEM32\profapi.dll
0x00007ff879450000 - 0x00007ff879469000 	C:\Users\Dell 2\.vscode\extensions\redhat.java-1.32.0-win32-x64\jre\17.0.11-win32-x86_64\bin\net.dll
0x00007ff890460000 - 0x00007ff890596000 	C:\WINDOWS\SYSTEM32\WINHTTP.dll
0x00007ff896f40000 - 0x00007ff896fa9000 	C:\WINDOWS\system32\mswsock.dll
0x00007ff871e50000 - 0x00007ff871e66000 	C:\Users\Dell 2\.vscode\extensions\redhat.java-1.32.0-win32-x64\jre\17.0.11-win32-x86_64\bin\nio.dll
0x00007ff880300000 - 0x00007ff880310000 	c:\Users\Dell 2\.vscode\extensions\redhat.java-1.32.0-win32-x64\jre\17.0.11-win32-x86_64\bin\verify.dll
0x00007ff8508f0000 - 0x00007ff850934000 	C:\Users\Dell 2\AppData\Roaming\Code\User\globalStorage\redhat.java\1.32.0\config_win\org.eclipse.equinox.launcher\org.eclipse.equinox.launcher.win32.win32.x86_64_1.2.1100.v20240613-2013\eclipse_11903.dll
0x00007ff899be0000 - 0x00007ff899d85000 	C:\WINDOWS\System32\ole32.dll
0x00007ff8971a0000 - 0x00007ff8971bb000 	C:\WINDOWS\SYSTEM32\CRYPTSP.dll
0x00007ff896a00000 - 0x00007ff896a35000 	C:\WINDOWS\system32\rsaenh.dll
0x00007ff897040000 - 0x00007ff897068000 	C:\WINDOWS\SYSTEM32\USERENV.dll
0x00007ff8971c0000 - 0x00007ff8971cc000 	C:\WINDOWS\SYSTEM32\CRYPTBASE.dll
0x00007ff896540000 - 0x00007ff89656d000 	C:\WINDOWS\SYSTEM32\IPHLPAPI.DLL
0x00007ff899bd0000 - 0x00007ff899bd9000 	C:\WINDOWS\System32\NSI.dll
0x00007ff890250000 - 0x00007ff890269000 	C:\WINDOWS\SYSTEM32\dhcpcsvc6.DLL
0x00007ff8901e0000 - 0x00007ff8901ff000 	C:\WINDOWS\SYSTEM32\dhcpcsvc.DLL
0x00007ff896570000 - 0x00007ff896668000 	C:\WINDOWS\SYSTEM32\DNSAPI.dll
0x00007ff84b790000 - 0x00007ff84b7d5000 	C:\Temp\jna-2043380147\jna8048592761661463481.dll
0x00007ff899bc0000 - 0x00007ff899bc8000 	C:\WINDOWS\System32\PSAPI.DLL

dbghelp: loaded successfully - version: 4.0.5 - missing functions: none
symbol engine: initialized successfully - sym options: 0x614 - pdb path: .;c:\Users\Dell 2\.vscode\extensions\redhat.java-1.32.0-win32-x64\jre\17.0.11-win32-x86_64\bin;C:\WINDOWS\SYSTEM32;C:\WINDOWS\WinSxS\amd64_microsoft.windows.common-controls_6595b64144ccf1df_6.0.22621.3672_none_2713b9d173822955;c:\Users\Dell 2\.vscode\extensions\redhat.java-1.32.0-win32-x64\jre\17.0.11-win32-x86_64\bin\server;C:\Users\Dell 2\AppData\Roaming\Code\User\globalStorage\redhat.java\1.32.0\config_win\org.eclipse.equinox.launcher\org.eclipse.equinox.launcher.win32.win32.x86_64_1.2.1100.v20240613-2013;C:\Temp\jna-2043380147

VM Arguments:
jvm_args: --add-modules=ALL-SYSTEM --add-opens=java.base/java.util=ALL-UNNAMED --add-opens=java.base/java.lang=ALL-UNNAMED --add-opens=java.base/sun.nio.fs=ALL-UNNAMED -Declipse.application=org.eclipse.jdt.ls.core.id1 -Dosgi.bundles.defaultStartLevel=4 -Declipse.product=org.eclipse.jdt.ls.core.product -Djava.import.generatesMetadataFilesAtProjectRoot=false -DDetectVMInstallationsJob.disabled=true -Dfile.encoding=utf8 -XX:+UseParallelGC -XX:GCTimeRatio=4 -XX:AdaptiveSizePolicyWeight=90 -Dsun.zip.disableMemoryMapping=true -Xmx1G -Xms100m -Xlog:disable -javaagent:c:\Users\Dell 2\.vscode\extensions\redhat.java-1.32.0-win32-x64\lombok\lombok-1.18.33.jar -XX:+HeapDumpOnOutOfMemoryError -XX:HeapDumpPath=c:\Users\Dell 2\AppData\Roaming\Code\User\workspaceStorage\960108ea585760fec916501c0cdddc14\redhat.java -Daether.dependencyCollector.impl=bf 
java_command: c:\Users\Dell 2\.vscode\extensions\redhat.java-1.32.0-win32-x64\server\plugins\org.eclipse.equinox.launcher_1.6.900.v20240613-2009.jar -configuration c:\Users\Dell 2\AppData\Roaming\Code\User\globalStorage\redhat.java\1.32.0\config_win -data c:\Users\Dell 2\AppData\Roaming\Code\User\workspaceStorage\960108ea585760fec916501c0cdddc14\redhat.java\jdt_ws --pipe=\\.\pipe\lsp-f4c03687c79d9dfe16f9b2255d6ca222-sock
java_class_path (initial): c:\Users\Dell 2\.vscode\extensions\redhat.java-1.32.0-win32-x64\server\plugins\org.eclipse.equinox.launcher_1.6.900.v20240613-2009.jar
Launcher Type: SUN_STANDARD

[Global flags]
    uintx AdaptiveSizePolicyWeight                 = 90                                        {product} {command line}
     intx CICompilerCount                          = 3                                         {product} {ergonomic}
    uintx GCTimeRatio                              = 4                                         {product} {command line}
     bool HeapDumpOnOutOfMemoryError               = true                                   {manageable} {command line}
    ccstr HeapDumpPath                             = c:\Users\Dell 2\AppData\Roaming\Code\User\workspaceStorage\960108ea585760fec916501c0cdddc14\redhat.java         {manageable} {command line}
   size_t InitialHeapSize                          = 104857600                                 {product} {command line}
   size_t MaxHeapSize                              = 1073741824                                {product} {command line}
   size_t MaxNewSize                               = 357564416                                 {product} {ergonomic}
   size_t MinHeapDeltaBytes                        = 524288                                    {product} {ergonomic}
   size_t MinHeapSize                              = 104857600                                 {product} {command line}
   size_t NewSize                                  = 34603008                                  {product} {ergonomic}
    uintx NonNMethodCodeHeapSize                   = 5832780                                {pd product} {ergonomic}
    uintx NonProfiledCodeHeapSize                  = 122912730                              {pd product} {ergonomic}
   size_t OldSize                                  = 70254592                                  {product} {ergonomic}
    uintx ProfiledCodeHeapSize                     = 122912730                              {pd product} {ergonomic}
    uintx ReservedCodeCacheSize                    = 251658240                              {pd product} {ergonomic}
     bool SegmentedCodeCache                       = true                                      {product} {ergonomic}
   size_t SoftMaxHeapSize                          = 1073741824                             {manageable} {ergonomic}
     bool UseCompressedClassPointers               = true                           {product lp64_product} {ergonomic}
     bool UseCompressedOops                        = true                           {product lp64_product} {ergonomic}
     bool UseLargePagesIndividualAllocation        = false                                  {pd product} {ergonomic}
     bool UseParallelGC                            = true                                      {product} {command line}

Logging:
Log output configuration:
 #0: stdout all=off uptime,level,tags
 #1: stderr all=off uptime,level,tags

Environment Variables:
PATH=C:\Program Files\Common Files\Oracle\Java\javapath;C:\Program Files (x86)\Common Files\Intel\Shared Libraries\redist\intel64\compiler;C:\WINDOWS\system32;C:\WINDOWS;C:\WINDOWS\System32\Wbem;C:\WINDOWS\System32\WindowsPowerShell\v1.0\;C:\WINDOWS\System32\OpenSSH\;C:\Program Files\dotnet\;C:\Program Files\Git\cmd;C:\MinGW\bin;C:\MinGW\bin\g++.exe;C:\Program Files\MySQL\MySQL Server 8.0\bin;C:\Program Files\nodejs\;C:\Program Files\MySQL\MySQL Shell 8.0\bin\;C:\Users\Dell 2\AppData\Local\Microsoft\WindowsApps;C:\MinGW\bin;C:\Users\Dell 2\AppData\Local\Programs\Microsoft VS Code\bin;C:\Program Files\Java\jdk-22\bin;C:\Program Files\JetBrains\IntelliJ IDEA Community Edition 2024.1.2\bin;;C:\Program Files\MySQL\MySQL Server 8.0\bin;C:\Users\Dell 2\AppData\Roaming\npm
USERNAME=Dell 2
OS=Windows_NT
PROCESSOR_IDENTIFIER=AMD64 Family 23 Model 24 Stepping 1, AuthenticAMD
TMP=C:\Temp
TEMP=C:\Temp



Periodic native trim disabled


---------------  S Y S T E M  ---------------

OS:
 Windows 11 , 64 bit Build 22621 (10.0.22621.3672)
OS uptime: 0 days 10:13 hours
Hyper-V role detected

CPU: total 4 (initial active 4) (4 cores per cpu, 2 threads per core) family 23 model 24 stepping 1 microcode 0x0, cx8, cmov, fxsr, ht, mmx, 3dnowpref, sse, sse2, sse3, ssse3, sse4a, sse4.1, sse4.2, popcnt, lzcnt, tsc, tscinvbit, avx, avx2, aes, clmul, bmi1, bmi2, adx, sha, fma, vzeroupper, clflush, clflushopt, hv
Processor Information for all 4 processors :
  Max Mhz: 2600, Current Mhz: 2600, Mhz Limit: 2600

Memory: 4k page, system-wide physical 3470M (31M free)
TotalPageFile size 14222M (AvailPageFile size 0M)
current process WorkingSet (physical memory assigned to process): 157M, peak: 195M
current process commit charge ("private bytes"): 276M, peak: 283M

vm_info: OpenJDK 64-Bit Server VM (17.0.11+9) for windows-amd64 JRE (17.0.11+9), built on Apr 17 2024 06:07:48 by "admin" with MS VC++ 16.10 / 16.11 (VS2019)

END.
